<?xml version="1.0" encoding="UTF-8"?>
<coverage generated="1768706212848" clover="3.2.0">
  <project timestamp="1768706212848" name="All files">
    <metrics statements="830" coveredstatements="369" conditionals="529" coveredconditionals="221" methods="84" coveredmethods="41" elements="1443" coveredelements="631" complexity="0" loc="830" ncloc="830" packages="1" files="7" classes="7"/>
    <file name="analyzer.js" path="/Users/yihui/Desktop/MEE7-bot/core/analyzer.js">
      <metrics statements="126" coveredstatements="126" conditionals="88" coveredconditionals="79" methods="9" coveredmethods="9"/>
      <line num="4" count="1" type="stmt"/>
      <line num="5" count="1" type="stmt"/>
      <line num="6" count="1" type="stmt"/>
      <line num="7" count="1" type="stmt"/>
      <line num="10" count="1" type="stmt"/>
      <line num="42" count="32" type="stmt"/>
      <line num="44" count="32" type="stmt"/>
      <line num="46" count="32" type="stmt"/>
      <line num="52" count="32" type="cond" truecount="2" falsecount="0"/>
      <line num="53" count="32" type="cond" truecount="1" falsecount="1"/>
      <line num="54" count="32" type="cond" truecount="1" falsecount="1"/>
      <line num="57" count="32" type="stmt"/>
      <line num="63" count="32" type="cond" truecount="2" falsecount="0"/>
      <line num="64" count="1" type="stmt"/>
      <line num="65" count="1" type="stmt"/>
      <line num="68" count="31" type="stmt"/>
      <line num="72" count="31" type="stmt"/>
      <line num="77" count="31" type="stmt"/>
      <line num="80" count="31" type="stmt"/>
      <line num="81" count="56" type="stmt"/>
      <line num="83" count="31" type="stmt"/>
      <line num="92" count="31" type="stmt"/>
      <line num="93" count="31" type="stmt"/>
      <line num="95" count="31" type="stmt"/>
      <line num="106" count="31" type="stmt"/>
      <line num="108" count="31" type="cond" truecount="2" falsecount="0"/>
      <line num="109" count="1" type="stmt"/>
      <line num="110" count="1" type="stmt"/>
      <line num="112" count="30" type="stmt"/>
      <line num="115" count="1" type="stmt"/>
      <line num="116" count="1" type="stmt"/>
      <line num="119" count="31" type="stmt"/>
      <line num="134" count="31" type="cond" truecount="2" falsecount="0"/>
      <line num="135" count="3" type="stmt"/>
      <line num="138" count="31" type="stmt"/>
      <line num="141" count="31" type="stmt"/>
      <line num="144" count="30" type="stmt"/>
      <line num="146" count="30" type="stmt"/>
      <line num="149" count="30" type="stmt"/>
      <line num="150" count="30" type="cond" truecount="2" falsecount="0"/>
      <line num="151" count="30" type="stmt"/>
      <line num="155" count="30" type="stmt"/>
      <line num="156" count="30" type="cond" truecount="2" falsecount="0"/>
      <line num="157" count="30" type="cond" truecount="2" falsecount="0"/>
      <line num="159" count="30" type="stmt"/>
      <line num="163" count="30" type="stmt"/>
      <line num="164" count="30" type="stmt"/>
      <line num="165" count="55" type="cond" truecount="2" falsecount="0"/>
      <line num="166" count="55" type="cond" truecount="2" falsecount="0"/>
      <line num="169" count="30" type="stmt"/>
      <line num="170" count="30" type="stmt"/>
      <line num="171" count="30" type="stmt"/>
      <line num="172" count="30" type="stmt"/>
      <line num="173" count="31" type="cond" truecount="2" falsecount="0"/>
      <line num="174" count="30" type="stmt"/>
      <line num="176" count="30" type="cond" truecount="2" falsecount="0"/>
      <line num="177" count="2" type="stmt"/>
      <line num="179" count="2" type="stmt"/>
      <line num="180" count="2" type="cond" truecount="2" falsecount="0"/>
      <line num="182" count="28" type="stmt"/>
      <line num="184" count="51" type="stmt"/>
      <line num="185" count="28" type="cond" truecount="2" falsecount="0"/>
      <line num="192" count="30" type="stmt"/>
      <line num="195" count="12" type="stmt"/>
      <line num="204" count="28" type="stmt"/>
      <line num="206" count="28" type="stmt"/>
      <line num="209" count="28" type="cond" truecount="2" falsecount="0"/>
      <line num="210" count="3" type="stmt"/>
      <line num="213" count="3" type="stmt"/>
      <line num="214" count="3" type="stmt"/>
      <line num="215" count="3" type="stmt"/>
      <line num="218" count="2" type="stmt"/>
      <line num="224" count="2" type="stmt"/>
      <line num="230" count="55" type="stmt"/>
      <line num="234" count="30" type="stmt"/>
      <line num="235" count="30" type="stmt"/>
      <line num="238" count="30" type="stmt"/>
      <line num="242" count="30" type="stmt"/>
      <line num="245" count="30" type="stmt"/>
      <line num="246" count="30" type="stmt"/>
      <line num="249" count="30" type="cond" truecount="4" falsecount="0"/>
      <line num="251" count="1" type="stmt"/>
      <line num="252" count="1" type="stmt"/>
      <line num="256" count="30" type="stmt"/>
      <line num="258" count="30" type="stmt"/>
      <line num="269" count="30" type="stmt"/>
      <line num="287" count="30" type="stmt"/>
      <line num="288" count="30" type="stmt"/>
      <line num="291" count="1" type="stmt"/>
      <line num="293" count="32" type="stmt"/>
      <line num="301" count="31" type="stmt"/>
      <line num="302" count="31" type="stmt"/>
      <line num="306" count="31" type="stmt"/>
      <line num="309" count="31" type="stmt"/>
      <line num="314" count="31" type="cond" truecount="1" falsecount="1"/>
      <line num="315" count="31" type="stmt"/>
      <line num="318" count="12" type="stmt"/>
      <line num="321" count="12" type="cond" truecount="1" falsecount="1"/>
      <line num="328" count="12" type="stmt"/>
      <line num="335" count="12" type="stmt"/>
      <line num="344" count="56" type="stmt"/>
      <line num="347" count="31" type="stmt"/>
      <line num="350" count="30" type="stmt"/>
      <line num="351" count="30" type="stmt"/>
      <line num="354" count="30" type="cond" truecount="2" falsecount="0"/>
      <line num="355" count="1" type="stmt"/>
      <line num="356" count="1" type="stmt"/>
      <line num="362" count="30" type="cond" truecount="2" falsecount="0"/>
      <line num="363" count="30" type="cond" truecount="2" falsecount="0"/>
      <line num="375" count="30" type="stmt"/>
      <line num="388" count="30" type="stmt"/>
      <line num="408" count="30" type="cond" truecount="4" falsecount="0"/>
      <line num="409" count="3" type="stmt"/>
      <line num="412" count="4" type="cond" truecount="1" falsecount="1"/>
      <line num="414" count="4" type="stmt"/>
      <line num="428" count="30" type="cond" truecount="2" falsecount="0"/>
      <line num="429" count="30" type="cond" truecount="2" falsecount="0"/>
      <line num="432" count="30" type="cond" truecount="4" falsecount="0"/>
      <line num="434" count="5" type="stmt"/>
      <line num="436" count="5" type="stmt"/>
      <line num="440" count="5" type="stmt"/>
      <line num="444" count="30" type="stmt"/>
      <line num="448" count="1" type="stmt"/>
      <line num="449" count="1" type="stmt"/>
      <line num="453" count="31" type="stmt"/>
      <line num="457" count="1" type="stmt"/>
    </file>
    <file name="gemini-orchestrator.js" path="/Users/yihui/Desktop/MEE7-bot/core/gemini-orchestrator.js">
      <metrics statements="363" coveredstatements="0" conditionals="217" coveredconditionals="0" methods="33" coveredmethods="0"/>
      <line num="5" count="0" type="stmt"/>
      <line num="13" count="0" type="stmt"/>
      <line num="14" count="0" type="stmt"/>
      <line num="15" count="0" type="stmt"/>
      <line num="16" count="0" type="stmt"/>
      <line num="17" count="0" type="stmt"/>
      <line num="18" count="0" type="stmt"/>
      <line num="19" count="0" type="stmt"/>
      <line num="25" count="0" type="stmt"/>
      <line num="26" count="0" type="stmt"/>
      <line num="27" count="0" type="stmt"/>
      <line num="28" count="0" type="stmt"/>
      <line num="31" count="0" type="stmt"/>
      <line num="32" count="0" type="stmt"/>
      <line num="33" count="0" type="stmt"/>
      <line num="35" count="0" type="stmt"/>
      <line num="37" count="0" type="stmt"/>
      <line num="38" count="0" type="stmt"/>
      <line num="39" count="0" type="cond" truecount="0" falsecount="2"/>
      <line num="40" count="0" type="cond" truecount="0" falsecount="2"/>
      <line num="41" count="0" type="stmt"/>
      <line num="42" count="0" type="stmt"/>
      <line num="44" count="0" type="stmt"/>
      <line num="47" count="0" type="stmt"/>
      <line num="48" count="0" type="stmt"/>
      <line num="60" count="0" type="cond" truecount="0" falsecount="2"/>
      <line num="61" count="0" type="stmt"/>
      <line num="63" count="0" type="cond" truecount="0" falsecount="2"/>
      <line num="64" count="0" type="stmt"/>
      <line num="65" count="0" type="stmt"/>
      <line num="70" count="0" type="cond" truecount="0" falsecount="2"/>
      <line num="71" count="0" type="stmt"/>
      <line num="73" count="0" type="cond" truecount="0" falsecount="2"/>
      <line num="74" count="0" type="stmt"/>
      <line num="75" count="0" type="stmt"/>
      <line num="80" count="0" type="cond" truecount="0" falsecount="2"/>
      <line num="81" count="0" type="stmt"/>
      <line num="82" count="0" type="stmt"/>
      <line num="87" count="0" type="stmt"/>
      <line num="88" count="0" type="cond" truecount="0" falsecount="2"/>
      <line num="89" count="0" type="stmt"/>
      <line num="90" count="0" type="stmt"/>
      <line num="93" count="0" type="stmt"/>
      <line num="109" count="0" type="stmt"/>
      <line num="110" count="0" type="cond" truecount="0" falsecount="2"/>
      <line num="111" count="0" type="stmt"/>
      <line num="112" count="0" type="stmt"/>
      <line num="115" count="0" type="stmt"/>
      <line num="116" count="0" type="stmt"/>
      <line num="117" count="0" type="stmt"/>
      <line num="119" count="0" type="stmt"/>
      <line num="125" count="0" type="stmt"/>
      <line num="126" count="0" type="stmt"/>
      <line num="128" count="0" type="stmt"/>
      <line num="130" count="0" type="stmt"/>
      <line num="131" count="0" type="stmt"/>
      <line num="132" count="0" type="stmt"/>
      <line num="139" count="0" type="stmt"/>
      <line num="143" count="0" type="stmt"/>
      <line num="144" count="0" type="stmt"/>
      <line num="145" count="0" type="stmt"/>
      <line num="146" count="0" type="stmt"/>
      <line num="147" count="0" type="stmt"/>
      <line num="148" count="0" type="stmt"/>
      <line num="149" count="0" type="stmt"/>
      <line num="150" count="0" type="stmt"/>
      <line num="152" count="0" type="stmt"/>
      <line num="156" count="0" type="cond" truecount="0" falsecount="4"/>
      <line num="158" count="0" type="cond" truecount="0" falsecount="2"/>
      <line num="163" count="0" type="stmt"/>
      <line num="164" count="0" type="stmt"/>
      <line num="165" count="0" type="stmt"/>
      <line num="166" count="0" type="stmt"/>
      <line num="167" count="0" type="cond" truecount="0" falsecount="4"/>
      <line num="168" count="0" type="stmt"/>
      <line num="169" count="0" type="stmt"/>
      <line num="171" count="0" type="stmt"/>
      <line num="172" count="0" type="cond" truecount="0" falsecount="2"/>
      <line num="175" count="0" type="stmt"/>
      <line num="177" count="0" type="stmt"/>
      <line num="181" count="0" type="stmt"/>
      <line num="182" count="0" type="stmt"/>
      <line num="184" count="0" type="stmt"/>
      <line num="191" count="0" type="stmt"/>
      <line num="192" count="0" type="stmt"/>
      <line num="193" count="0" type="cond" truecount="0" falsecount="2"/>
      <line num="194" count="0" type="stmt"/>
      <line num="195" count="0" type="cond" truecount="0" falsecount="2"/>
      <line num="196" count="0" type="stmt"/>
      <line num="197" count="0" type="stmt"/>
      <line num="199" count="0" type="stmt"/>
      <line num="200" count="0" type="stmt"/>
      <line num="201" count="0" type="stmt"/>
      <line num="202" count="0" type="stmt"/>
      <line num="204" count="0" type="stmt"/>
      <line num="207" count="0" type="stmt"/>
      <line num="208" count="0" type="cond" truecount="0" falsecount="2"/>
      <line num="210" count="0" type="stmt"/>
      <line num="215" count="0" type="stmt"/>
      <line num="216" count="0" type="stmt"/>
      <line num="217" count="0" type="stmt"/>
      <line num="220" count="0" type="stmt"/>
      <line num="221" count="0" type="stmt"/>
      <line num="222" count="0" type="cond" truecount="0" falsecount="4"/>
      <line num="223" count="0" type="stmt"/>
      <line num="224" count="0" type="stmt"/>
      <line num="226" count="0" type="stmt"/>
      <line num="230" count="0" type="stmt"/>
      <line num="237" count="0" type="stmt"/>
      <line num="239" count="0" type="cond" truecount="0" falsecount="2"/>
      <line num="240" count="0" type="stmt"/>
      <line num="241" count="0" type="stmt"/>
      <line num="242" count="0" type="cond" truecount="0" falsecount="4"/>
      <line num="244" count="0" type="stmt"/>
      <line num="245" count="0" type="stmt"/>
      <line num="254" count="0" type="stmt"/>
      <line num="264" count="0" type="cond" truecount="0" falsecount="4"/>
      <line num="265" count="0" type="cond" truecount="0" falsecount="2"/>
      <line num="266" count="0" type="cond" truecount="0" falsecount="2"/>
      <line num="267" count="0" type="cond" truecount="0" falsecount="2"/>
      <line num="268" count="0" type="stmt"/>
      <line num="269" count="0" type="cond" truecount="0" falsecount="2"/>
      <line num="271" count="0" type="stmt"/>
      <line num="273" count="0" type="stmt"/>
      <line num="277" count="0" type="stmt"/>
      <line num="278" count="0" type="stmt"/>
      <line num="279" count="0" type="stmt"/>
      <line num="281" count="0" type="stmt"/>
      <line num="285" count="0" type="stmt"/>
      <line num="288" count="0" type="stmt"/>
      <line num="292" count="0" type="cond" truecount="0" falsecount="2"/>
      <line num="293" count="0" type="cond" truecount="0" falsecount="2"/>
      <line num="294" count="0" type="stmt"/>
      <line num="300" count="0" type="stmt"/>
      <line num="303" count="0" type="stmt"/>
      <line num="304" count="0" type="stmt"/>
      <line num="306" count="0" type="stmt"/>
      <line num="307" count="0" type="stmt"/>
      <line num="310" count="0" type="stmt"/>
      <line num="311" count="0" type="stmt"/>
      <line num="312" count="0" type="stmt"/>
      <line num="314" count="0" type="stmt"/>
      <line num="316" count="0" type="stmt"/>
      <line num="319" count="0" type="cond" truecount="0" falsecount="2"/>
      <line num="320" count="0" type="cond" truecount="0" falsecount="2"/>
      <line num="325" count="0" type="cond" truecount="0" falsecount="2"/>
      <line num="326" count="0" type="stmt"/>
      <line num="329" count="0" type="stmt"/>
      <line num="330" count="0" type="stmt"/>
      <line num="332" count="0" type="cond" truecount="0" falsecount="2"/>
      <line num="333" count="0" type="stmt"/>
      <line num="334" count="0" type="stmt"/>
      <line num="336" count="0" type="cond" truecount="0" falsecount="2"/>
      <line num="337" count="0" type="cond" truecount="0" falsecount="2"/>
      <line num="338" count="0" type="stmt"/>
      <line num="340" count="0" type="stmt"/>
      <line num="343" count="0" type="stmt"/>
      <line num="347" count="0" type="stmt"/>
      <line num="348" count="0" type="stmt"/>
      <line num="354" count="0" type="cond" truecount="0" falsecount="2"/>
      <line num="355" count="0" type="stmt"/>
      <line num="356" count="0" type="stmt"/>
      <line num="358" count="0" type="stmt"/>
      <line num="359" count="0" type="cond" truecount="0" falsecount="2"/>
      <line num="360" count="0" type="stmt"/>
      <line num="361" count="0" type="cond" truecount="0" falsecount="2"/>
      <line num="363" count="0" type="stmt"/>
      <line num="372" count="0" type="stmt"/>
      <line num="376" count="0" type="stmt"/>
      <line num="378" count="0" type="stmt"/>
      <line num="379" count="0" type="stmt"/>
      <line num="380" count="0" type="stmt"/>
      <line num="384" count="0" type="stmt"/>
      <line num="385" count="0" type="stmt"/>
      <line num="386" count="0" type="stmt"/>
      <line num="389" count="0" type="stmt"/>
      <line num="390" count="0" type="stmt"/>
      <line num="391" count="0" type="cond" truecount="0" falsecount="2"/>
      <line num="393" count="0" type="stmt"/>
      <line num="396" count="0" type="stmt"/>
      <line num="397" count="0" type="stmt"/>
      <line num="398" count="0" type="stmt"/>
      <line num="400" count="0" type="stmt"/>
      <line num="403" count="0" type="stmt"/>
      <line num="404" count="0" type="stmt"/>
      <line num="405" count="0" type="cond" truecount="0" falsecount="2"/>
      <line num="407" count="0" type="cond" truecount="0" falsecount="2"/>
      <line num="408" count="0" type="stmt"/>
      <line num="409" count="0" type="stmt"/>
      <line num="416" count="0" type="cond" truecount="0" falsecount="2"/>
      <line num="417" count="0" type="stmt"/>
      <line num="421" count="0" type="stmt"/>
      <line num="423" count="0" type="stmt"/>
      <line num="424" count="0" type="stmt"/>
      <line num="426" count="0" type="stmt"/>
      <line num="430" count="0" type="stmt"/>
      <line num="431" count="0" type="cond" truecount="0" falsecount="2"/>
      <line num="432" count="0" type="stmt"/>
      <line num="435" count="0" type="stmt"/>
      <line num="439" count="0" type="stmt"/>
      <line num="444" count="0" type="cond" truecount="0" falsecount="2"/>
      <line num="445" count="0" type="stmt"/>
      <line num="446" count="0" type="stmt"/>
      <line num="448" count="0" type="cond" truecount="0" falsecount="2"/>
      <line num="450" count="0" type="stmt"/>
      <line num="452" count="0" type="cond" truecount="0" falsecount="2"/>
      <line num="453" count="0" type="stmt"/>
      <line num="458" count="0" type="stmt"/>
      <line num="470" count="0" type="stmt"/>
      <line num="472" count="0" type="stmt"/>
      <line num="473" count="0" type="stmt"/>
      <line num="474" count="0" type="stmt"/>
      <line num="479" count="0" type="cond" truecount="0" falsecount="2"/>
      <line num="480" count="0" type="stmt"/>
      <line num="481" count="0" type="stmt"/>
      <line num="482" count="0" type="stmt"/>
      <line num="484" count="0" type="stmt"/>
      <line num="494" count="0" type="cond" truecount="0" falsecount="2"/>
      <line num="496" count="0" type="cond" truecount="0" falsecount="2"/>
      <line num="498" count="0" type="cond" truecount="0" falsecount="2"/>
      <line num="499" count="0" type="stmt"/>
      <line num="504" count="0" type="stmt"/>
      <line num="516" count="0" type="stmt"/>
      <line num="518" count="0" type="stmt"/>
      <line num="519" count="0" type="stmt"/>
      <line num="520" count="0" type="stmt"/>
      <line num="525" count="0" type="stmt"/>
      <line num="526" count="0" type="stmt"/>
      <line num="530" count="0" type="stmt"/>
      <line num="531" count="0" type="stmt"/>
      <line num="533" count="0" type="cond" truecount="0" falsecount="2"/>
      <line num="534" count="0" type="stmt"/>
      <line num="537" count="0" type="stmt"/>
      <line num="540" count="0" type="stmt"/>
      <line num="543" count="0" type="stmt"/>
      <line num="545" count="0" type="cond" truecount="0" falsecount="2"/>
      <line num="546" count="0" type="stmt"/>
      <line num="551" count="0" type="stmt"/>
      <line num="563" count="0" type="stmt"/>
      <line num="565" count="0" type="stmt"/>
      <line num="566" count="0" type="stmt"/>
      <line num="568" count="0" type="stmt"/>
      <line num="570" count="0" type="stmt"/>
      <line num="572" count="0" type="cond" truecount="0" falsecount="2"/>
      <line num="573" count="0" type="stmt"/>
      <line num="578" count="0" type="stmt"/>
      <line num="590" count="0" type="stmt"/>
      <line num="592" count="0" type="stmt"/>
      <line num="593" count="0" type="stmt"/>
      <line num="598" count="0" type="stmt"/>
      <line num="601" count="0" type="cond" truecount="0" falsecount="2"/>
      <line num="603" count="0" type="stmt"/>
      <line num="604" count="0" type="stmt"/>
      <line num="605" count="0" type="cond" truecount="0" falsecount="2"/>
      <line num="607" count="0" type="stmt"/>
      <line num="612" count="0" type="stmt"/>
      <line num="613" count="0" type="cond" truecount="0" falsecount="2"/>
      <line num="615" count="0" type="stmt"/>
      <line num="620" count="0" type="stmt"/>
      <line num="623" count="0" type="stmt"/>
      <line num="628" count="0" type="stmt"/>
      <line num="631" count="0" type="stmt"/>
      <line num="632" count="0" type="stmt"/>
      <line num="634" count="0" type="stmt"/>
      <line num="638" count="0" type="cond" truecount="0" falsecount="2"/>
      <line num="641" count="0" type="cond" truecount="0" falsecount="2"/>
      <line num="642" count="0" type="stmt"/>
      <line num="643" count="0" type="stmt"/>
      <line num="644" count="0" type="stmt"/>
      <line num="645" count="0" type="stmt"/>
      <line num="646" count="0" type="stmt"/>
      <line num="650" count="0" type="cond" truecount="0" falsecount="2"/>
      <line num="651" count="0" type="stmt"/>
      <line num="655" count="0" type="stmt"/>
      <line num="656" count="0" type="stmt"/>
      <line num="660" count="0" type="stmt"/>
      <line num="661" count="0" type="cond" truecount="0" falsecount="2"/>
      <line num="663" count="0" type="stmt"/>
      <line num="664" count="0" type="stmt"/>
      <line num="665" count="0" type="stmt"/>
      <line num="672" count="0" type="stmt"/>
      <line num="676" count="0" type="stmt"/>
      <line num="677" count="0" type="stmt"/>
      <line num="678" count="0" type="cond" truecount="0" falsecount="2"/>
      <line num="682" count="0" type="cond" truecount="0" falsecount="2"/>
      <line num="683" count="0" type="cond" truecount="0" falsecount="3"/>
      <line num="684" count="0" type="cond" truecount="0" falsecount="4"/>
      <line num="685" count="0" type="stmt"/>
      <line num="686" count="0" type="stmt"/>
      <line num="688" count="0" type="stmt"/>
      <line num="690" count="0" type="stmt"/>
      <line num="694" count="0" type="stmt"/>
      <line num="697" count="0" type="stmt"/>
      <line num="698" count="0" type="stmt"/>
      <line num="706" count="0" type="stmt"/>
      <line num="707" count="0" type="stmt"/>
      <line num="708" count="0" type="stmt"/>
      <line num="709" count="0" type="cond" truecount="0" falsecount="2"/>
      <line num="710" count="0" type="stmt"/>
      <line num="712" count="0" type="cond" truecount="0" falsecount="4"/>
      <line num="713" count="0" type="cond" truecount="0" falsecount="2"/>
      <line num="714" count="0" type="stmt"/>
      <line num="719" count="0" type="cond" truecount="0" falsecount="4"/>
      <line num="720" count="0" type="stmt"/>
      <line num="722" count="0" type="cond" truecount="0" falsecount="2"/>
      <line num="723" count="0" type="stmt"/>
      <line num="724" count="0" type="cond" truecount="0" falsecount="5"/>
      <line num="725" count="0" type="stmt"/>
      <line num="726" count="0" type="stmt"/>
      <line num="727" count="0" type="cond" truecount="0" falsecount="4"/>
      <line num="728" count="0" type="stmt"/>
      <line num="731" count="0" type="stmt"/>
      <line num="734" count="0" type="stmt"/>
      <line num="739" count="0" type="stmt"/>
      <line num="740" count="0" type="cond" truecount="0" falsecount="2"/>
      <line num="741" count="0" type="stmt"/>
      <line num="742" count="0" type="cond" truecount="0" falsecount="4"/>
      <line num="743" count="0" type="stmt"/>
      <line num="744" count="0" type="stmt"/>
      <line num="746" count="0" type="stmt"/>
      <line num="752" count="0" type="stmt"/>
      <line num="759" count="0" type="stmt"/>
      <line num="760" count="0" type="stmt"/>
      <line num="761" count="0" type="stmt"/>
      <line num="762" count="0" type="stmt"/>
      <line num="764" count="0" type="stmt"/>
      <line num="765" count="0" type="stmt"/>
      <line num="774" count="0" type="stmt"/>
      <line num="775" count="0" type="stmt"/>
      <line num="779" count="0" type="stmt"/>
      <line num="781" count="0" type="cond" truecount="0" falsecount="2"/>
      <line num="782" count="0" type="cond" truecount="0" falsecount="4"/>
      <line num="783" count="0" type="stmt"/>
      <line num="784" count="0" type="stmt"/>
      <line num="785" count="0" type="cond" truecount="0" falsecount="2"/>
      <line num="793" count="0" type="stmt"/>
      <line num="795" count="0" type="cond" truecount="0" falsecount="2"/>
      <line num="796" count="0" type="stmt"/>
      <line num="797" count="0" type="stmt"/>
      <line num="798" count="0" type="stmt"/>
      <line num="799" count="0" type="stmt"/>
      <line num="801" count="0" type="stmt"/>
      <line num="806" count="0" type="stmt"/>
      <line num="807" count="0" type="stmt"/>
      <line num="808" count="0" type="stmt"/>
      <line num="809" count="0" type="stmt"/>
      <line num="811" count="0" type="stmt"/>
      <line num="815" count="0" type="cond" truecount="0" falsecount="2"/>
      <line num="816" count="0" type="stmt"/>
      <line num="817" count="0" type="stmt"/>
      <line num="818" count="0" type="stmt"/>
      <line num="819" count="0" type="stmt"/>
      <line num="832" count="0" type="cond" truecount="0" falsecount="2"/>
      <line num="833" count="0" type="stmt"/>
      <line num="838" count="0" type="stmt"/>
      <line num="843" count="0" type="stmt"/>
      <line num="844" count="0" type="stmt"/>
      <line num="846" count="0" type="stmt"/>
      <line num="848" count="0" type="stmt"/>
      <line num="852" count="0" type="stmt"/>
      <line num="853" count="0" type="stmt"/>
      <line num="856" count="0" type="stmt"/>
      <line num="859" count="0" type="stmt"/>
    </file>
    <file name="intent-router.js" path="/Users/yihui/Desktop/MEE7-bot/core/intent-router.js">
      <metrics statements="10" coveredstatements="0" conditionals="4" coveredconditionals="0" methods="1" coveredmethods="0"/>
      <line num="4" count="0" type="stmt"/>
      <line num="5" count="0" type="stmt"/>
      <line num="13" count="0" type="stmt"/>
      <line num="14" count="0" type="stmt"/>
      <line num="15" count="0" type="stmt"/>
      <line num="23" count="0" type="cond" truecount="0" falsecount="2"/>
      <line num="24" count="0" type="cond" truecount="0" falsecount="2"/>
      <line num="26" count="0" type="stmt"/>
      <line num="27" count="0" type="stmt"/>
      <line num="31" count="0" type="stmt"/>
    </file>
    <file name="intervention-planner.js" path="/Users/yihui/Desktop/MEE7-bot/core/intervention-planner.js">
      <metrics statements="133" coveredstatements="131" conditionals="73" coveredconditionals="65" methods="15" coveredmethods="15"/>
      <line num="28" count="1" type="stmt"/>
      <line num="29" count="1" type="stmt"/>
      <line num="30" count="1" type="stmt"/>
      <line num="31" count="1" type="stmt"/>
      <line num="32" count="1" type="stmt"/>
      <line num="33" count="1" type="stmt"/>
      <line num="40" count="1" type="stmt"/>
      <line num="47" count="1" type="stmt"/>
      <line num="58" count="1" type="stmt"/>
      <line num="62" count="1" type="stmt"/>
      <line num="66" count="1" type="stmt"/>
      <line num="84" count="12" type="stmt"/>
      <line num="87" count="12" type="stmt"/>
      <line num="90" count="12" type="stmt"/>
      <line num="93" count="12" type="stmt"/>
      <line num="94" count="14" type="stmt"/>
      <line num="99" count="12" type="cond" truecount="2" falsecount="0"/>
      <line num="100" count="8" type="stmt"/>
      <line num="101" count="8" type="cond" truecount="4" falsecount="0"/>
      <line num="102" count="7" type="stmt"/>
      <line num="103" count="7" type="stmt"/>
      <line num="108" count="5" type="cond" truecount="2" falsecount="0"/>
      <line num="109" count="1" type="stmt"/>
      <line num="110" count="2" type="cond" truecount="2" falsecount="0"/>
      <line num="112" count="1" type="cond" truecount="1" falsecount="1"/>
      <line num="113" count="1" type="stmt"/>
      <line num="114" count="1" type="stmt"/>
      <line num="120" count="4" type="stmt"/>
      <line num="121" count="15" type="stmt"/>
      <line num="122" count="14" type="cond" truecount="2" falsecount="0"/>
      <line num="124" count="15" type="cond" truecount="2" falsecount="0"/>
      <line num="128" count="2" type="cond" truecount="2" falsecount="0"/>
      <line num="142" count="11" type="stmt"/>
      <line num="149" count="1" type="stmt"/>
      <line num="223" count="42" type="stmt"/>
      <line num="224" count="42" type="stmt"/>
      <line num="226" count="42" type="stmt"/>
      <line num="227" count="44" type="cond" truecount="1" falsecount="1"/>
      <line num="228" count="44" type="stmt"/>
      <line num="231" count="44" type="cond" truecount="2" falsecount="0"/>
      <line num="232" count="15" type="stmt"/>
      <line num="233" count="15" type="stmt"/>
      <line num="238" count="42" type="stmt"/>
      <line num="241" count="42" type="stmt"/>
      <line num="243" count="42" type="cond" truecount="2" falsecount="0"/>
      <line num="244" count="4" type="stmt"/>
      <line num="249" count="4" type="cond" truecount="2" falsecount="0"/>
      <line num="250" count="2" type="stmt"/>
      <line num="251" count="2" type="stmt"/>
      <line num="257" count="40" type="stmt"/>
      <line num="259" count="40" type="stmt"/>
      <line num="262" count="40" type="stmt"/>
      <line num="264" count="40" type="stmt"/>
      <line num="266" count="40" type="stmt"/>
      <line num="267" count="40" type="stmt"/>
      <line num="278" count="39" type="stmt"/>
      <line num="280" count="39" type="cond" truecount="2" falsecount="0"/>
      <line num="281" count="1" type="stmt"/>
      <line num="282" count="1" type="stmt"/>
      <line num="284" count="38" type="stmt"/>
      <line num="287" count="1" type="stmt"/>
      <line num="288" count="1" type="stmt"/>
      <line num="291" count="39" type="stmt"/>
      <line num="294" count="39" type="cond" truecount="4" falsecount="0"/>
      <line num="296" count="14" type="stmt"/>
      <line num="297" count="14" type="stmt"/>
      <line num="299" count="14" type="cond" truecount="2" falsecount="0"/>
      <line num="300" count="1" type="stmt"/>
      <line num="301" count="1" type="stmt"/>
      <line num="303" count="13" type="stmt"/>
      <line num="304" count="13" type="stmt"/>
      <line num="306" count="13" type="cond" truecount="2" falsecount="0"/>
      <line num="307" count="1" type="stmt"/>
      <line num="308" count="1" type="stmt"/>
      <line num="311" count="12" type="stmt"/>
      <line num="313" count="12" type="cond" truecount="2" falsecount="0"/>
      <line num="315" count="11" type="stmt"/>
      <line num="316" count="11" type="stmt"/>
      <line num="318" count="9" type="stmt"/>
      <line num="319" count="9" type="stmt"/>
      <line num="320" count="9" type="stmt"/>
      <line num="322" count="1" type="stmt"/>
      <line num="323" count="1" type="stmt"/>
      <line num="328" count="2" type="stmt"/>
      <line num="329" count="2" type="stmt"/>
      <line num="331" count="25" type="cond" truecount="4" falsecount="0"/>
      <line num="333" count="4" type="stmt"/>
      <line num="334" count="4" type="stmt"/>
      <line num="335" count="4" type="cond" truecount="2" falsecount="0"/>
      <line num="336" count="3" type="stmt"/>
      <line num="337" count="3" type="stmt"/>
      <line num="338" count="3" type="cond" truecount="1" falsecount="1"/>
      <line num="339" count="3" type="stmt"/>
      <line num="340" count="3" type="stmt"/>
      <line num="341" count="3" type="stmt"/>
      <line num="345" count="0" type="stmt"/>
      <line num="346" count="0" type="stmt"/>
      <line num="349" count="21" type="stmt"/>
      <line num="351" count="21" type="cond" truecount="4" falsecount="0"/>
      <line num="352" count="1" type="stmt"/>
      <line num="357" count="39" type="stmt"/>
      <line num="361" count="39" type="stmt"/>
      <line num="363" count="39" type="stmt"/>
      <line num="368" count="1" type="stmt"/>
      <line num="369" count="1" type="stmt"/>
      <line num="383" count="40" type="cond" truecount="4" falsecount="0"/>
      <line num="384" count="1" type="cond" truecount="1" falsecount="1"/>
      <line num="387" count="40" type="stmt"/>
      <line num="409" count="39" type="stmt"/>
      <line num="410" count="39" type="stmt"/>
      <line num="422" count="38" type="stmt"/>
      <line num="424" count="1" type="stmt"/>
      <line num="437" count="4" type="stmt"/>
      <line num="438" count="4" type="stmt"/>
      <line num="445" count="3" type="stmt"/>
      <line num="447" count="1" type="stmt"/>
      <line num="448" count="1" type="stmt"/>
      <line num="458" count="52" type="stmt"/>
      <line num="459" count="52" type="stmt"/>
      <line num="464" count="3" type="stmt"/>
      <line num="466" count="3" type="stmt"/>
      <line num="468" count="2" type="stmt"/>
      <line num="469" count="1" type="cond" truecount="2" falsecount="3"/>
      <line num="477" count="2" type="stmt"/>
      <line num="479" count="2" type="stmt"/>
      <line num="480" count="2" type="stmt"/>
      <line num="481" count="3" type="stmt"/>
      <line num="482" count="3" type="stmt"/>
      <line num="483" count="2" type="stmt"/>
      <line num="485" count="1" type="stmt"/>
      <line num="489" count="2" type="stmt"/>
      <line num="491" count="1" type="stmt"/>
      <line num="499" count="1" type="stmt"/>
    </file>
    <file name="observer.js" path="/Users/yihui/Desktop/MEE7-bot/core/observer.js">
      <metrics statements="34" coveredstatements="0" conditionals="44" coveredconditionals="0" methods="3" coveredmethods="0"/>
      <line num="5" count="0" type="stmt"/>
      <line num="6" count="0" type="stmt"/>
      <line num="7" count="0" type="stmt"/>
      <line num="16" count="0" type="cond" truecount="0" falsecount="2"/>
      <line num="19" count="0" type="cond" truecount="0" falsecount="2"/>
      <line num="22" count="0" type="cond" truecount="0" falsecount="4"/>
      <line num="23" count="0" type="stmt"/>
      <line num="24" count="0" type="stmt"/>
      <line num="28" count="0" type="stmt"/>
      <line num="30" count="0" type="stmt"/>
      <line num="33" count="0" type="stmt"/>
      <line num="41" count="0" type="stmt"/>
      <line num="50" count="0" type="stmt"/>
      <line num="54" count="0" type="stmt"/>
      <line num="59" count="0" type="stmt"/>
      <line num="71" count="0" type="cond" truecount="0" falsecount="2"/>
      <line num="74" count="0" type="cond" truecount="0" falsecount="2"/>
      <line num="77" count="0" type="cond" truecount="0" falsecount="2"/>
      <line num="80" count="0" type="cond" truecount="0" falsecount="4"/>
      <line num="82" count="0" type="stmt"/>
      <line num="84" count="0" type="stmt"/>
      <line num="85" count="0" type="stmt"/>
      <line num="91" count="0" type="stmt"/>
      <line num="101" count="0" type="cond" truecount="0" falsecount="2"/>
      <line num="104" count="0" type="stmt"/>
      <line num="115" count="0" type="cond" truecount="0" falsecount="2"/>
      <line num="118" count="0" type="cond" truecount="0" falsecount="2"/>
      <line num="120" count="0" type="stmt"/>
      <line num="122" count="0" type="stmt"/>
      <line num="123" count="0" type="stmt"/>
      <line num="129" count="0" type="stmt"/>
      <line num="138" count="0" type="cond" truecount="0" falsecount="2"/>
      <line num="141" count="0" type="stmt"/>
      <line num="145" count="0" type="stmt"/>
    </file>
    <file name="scheduler.js" path="/Users/yihui/Desktop/MEE7-bot/core/scheduler.js">
      <metrics statements="52" coveredstatements="0" conditionals="22" coveredconditionals="0" methods="6" coveredmethods="0"/>
      <line num="4" count="0" type="stmt"/>
      <line num="5" count="0" type="stmt"/>
      <line num="8" count="0" type="stmt"/>
      <line num="11" count="0" type="stmt"/>
      <line num="15" count="0" type="stmt"/>
      <line num="18" count="0" type="stmt"/>
      <line num="21" count="0" type="stmt"/>
      <line num="26" count="0" type="stmt"/>
      <line num="28" count="0" type="stmt"/>
      <line num="31" count="0" type="cond" truecount="0" falsecount="2"/>
      <line num="32" count="0" type="stmt"/>
      <line num="33" count="0" type="stmt"/>
      <line num="37" count="0" type="stmt"/>
      <line num="39" count="0" type="stmt"/>
      <line num="44" count="0" type="stmt"/>
      <line num="53" count="0" type="cond" truecount="0" falsecount="2"/>
      <line num="54" count="0" type="stmt"/>
      <line num="58" count="0" type="stmt"/>
      <line num="60" count="0" type="stmt"/>
      <line num="62" count="0" type="stmt"/>
      <line num="68" count="0" type="cond" truecount="0" falsecount="2"/>
      <line num="69" count="0" type="cond" truecount="0" falsecount="2"/>
      <line num="72" count="0" type="stmt"/>
      <line num="76" count="0" type="stmt"/>
      <line num="78" count="0" type="cond" truecount="0" falsecount="2"/>
      <line num="81" count="0" type="stmt"/>
      <line num="82" count="0" type="stmt"/>
      <line num="84" count="0" type="stmt"/>
      <line num="85" count="0" type="stmt"/>
      <line num="88" count="0" type="cond" truecount="0" falsecount="2"/>
      <line num="89" count="0" type="stmt"/>
      <line num="90" count="0" type="stmt"/>
      <line num="93" count="0" type="cond" truecount="0" falsecount="4"/>
      <line num="94" count="0" type="stmt"/>
      <line num="95" count="0" type="stmt"/>
      <line num="99" count="0" type="cond" truecount="0" falsecount="2"/>
      <line num="100" count="0" type="stmt"/>
      <line num="102" count="0" type="stmt"/>
      <line num="104" count="0" type="stmt"/>
      <line num="105" count="0" type="stmt"/>
      <line num="107" count="0" type="stmt"/>
      <line num="112" count="0" type="stmt"/>
      <line num="115" count="0" type="stmt"/>
      <line num="122" count="0" type="stmt"/>
      <line num="126" count="0" type="cond" truecount="0" falsecount="2"/>
      <line num="128" count="0" type="stmt"/>
      <line num="129" count="0" type="stmt"/>
      <line num="130" count="0" type="cond" truecount="0" falsecount="2"/>
      <line num="131" count="0" type="stmt"/>
      <line num="133" count="0" type="stmt"/>
      <line num="136" count="0" type="stmt"/>
      <line num="140" count="0" type="stmt"/>
    </file>
    <file name="server-state.js" path="/Users/yihui/Desktop/MEE7-bot/core/server-state.js">
      <metrics statements="112" coveredstatements="112" conditionals="81" coveredconditionals="77" methods="17" coveredmethods="17"/>
      <line num="22" count="1" type="stmt"/>
      <line num="23" count="1" type="stmt"/>
      <line num="31" count="1" type="stmt"/>
      <line num="34" count="1" type="stmt"/>
      <line num="38" count="1" type="stmt"/>
      <line num="45" count="1" type="stmt"/>
      <line num="46" count="1" type="stmt"/>
      <line num="50" count="1" type="stmt"/>
      <line num="65" count="41" type="stmt"/>
      <line num="66" count="41" type="cond" truecount="4" falsecount="0"/>
      <line num="67" count="6" type="stmt"/>
      <line num="68" count="6" type="stmt"/>
      <line num="72" count="35" type="stmt"/>
      <line num="73" count="35" type="stmt"/>
      <line num="74" count="35" type="stmt"/>
      <line num="80" count="35" type="cond" truecount="2" falsecount="0"/>
      <line num="81" count="21" type="stmt"/>
      <line num="82" count="21" type="stmt"/>
      <line num="86" count="14" type="stmt"/>
      <line num="87" count="14" type="stmt"/>
      <line num="103" count="14" type="stmt"/>
      <line num="106" count="14" type="stmt"/>
      <line num="109" count="35" type="stmt"/>
      <line num="122" count="22" type="stmt"/>
      <line num="125" count="22" type="stmt"/>
      <line num="128" count="22" type="cond" truecount="2" falsecount="0"/>
      <line num="129" count="14" type="stmt"/>
      <line num="133" count="22" type="stmt"/>
      <line num="136" count="22" type="stmt"/>
      <line num="144" count="22" type="stmt"/>
      <line num="145" count="22" type="stmt"/>
      <line num="146" count="22" type="stmt"/>
      <line num="178" count="22" type="stmt"/>
      <line num="180" count="22" type="stmt"/>
      <line num="181" count="22" type="stmt"/>
      <line num="184" count="22" type="stmt"/>
      <line num="196" count="28" type="stmt"/>
      <line num="200" count="28" type="cond" truecount="2" falsecount="0"/>
      <line num="201" count="4" type="stmt"/>
      <line num="202" count="4" type="stmt"/>
      <line num="206" count="28" type="cond" truecount="2" falsecount="0"/>
      <line num="207" count="2" type="stmt"/>
      <line num="208" count="2" type="stmt"/>
      <line num="213" count="28" type="cond" truecount="2" falsecount="0"/>
      <line num="214" count="12" type="stmt"/>
      <line num="215" count="12" type="stmt"/>
      <line num="220" count="12" type="stmt"/>
      <line num="221" count="12" type="stmt"/>
      <line num="223" count="51" type="cond" truecount="2" falsecount="0"/>
      <line num="224" count="10" type="stmt"/>
      <line num="225" count="10" type="stmt"/>
      <line num="231" count="28" type="cond" truecount="4" falsecount="0"/>
      <line num="232" count="26" type="stmt"/>
      <line num="233" count="6" type="cond" truecount="5" falsecount="0"/>
      <line num="235" count="4" type="stmt"/>
      <line num="236" count="4" type="stmt"/>
      <line num="241" count="28" type="stmt"/>
      <line num="255" count="21" type="stmt"/>
      <line num="280" count="20" type="cond" truecount="2" falsecount="0"/>
      <line num="281" count="3" type="stmt"/>
      <line num="282" count="3" type="cond" truecount="2" falsecount="0"/>
      <line num="283" count="1" type="stmt"/>
      <line num="284" count="1" type="stmt"/>
      <line num="291" count="19" type="stmt"/>
      <line num="302" count="14" type="cond" truecount="2" falsecount="0"/>
      <line num="303" count="5" type="stmt"/>
      <line num="305" count="14" type="stmt"/>
      <line num="306" count="14" type="stmt"/>
      <line num="309" count="14" type="cond" truecount="2" falsecount="0"/>
      <line num="310" count="1" type="stmt"/>
      <line num="322" count="22" type="cond" truecount="2" falsecount="0"/>
      <line num="324" count="22" type="cond" truecount="2" falsecount="0"/>
      <line num="326" count="28" type="stmt"/>
      <line num="327" count="28" type="stmt"/>
      <line num="330" count="14" type="cond" truecount="2" falsecount="0"/>
      <line num="331" count="6" type="cond" truecount="2" falsecount="0"/>
      <line num="334" count="3" type="stmt"/>
      <line num="346" count="42" type="cond" truecount="2" falsecount="0"/>
      <line num="347" count="30" type="stmt"/>
      <line num="348" count="30" type="stmt"/>
      <line num="350" count="1" type="stmt"/>
      <line num="351" count="1" type="stmt"/>
      <line num="381" count="4" type="stmt"/>
      <line num="382" count="4" type="cond" truecount="1" falsecount="1"/>
      <line num="385" count="4" type="cond" truecount="2" falsecount="0"/>
      <line num="386" count="4" type="stmt"/>
      <line num="389" count="4" type="stmt"/>
      <line num="398" count="4" type="stmt"/>
      <line num="400" count="4" type="cond" truecount="2" falsecount="0"/>
      <line num="402" count="1" type="stmt"/>
      <line num="403" count="1" type="stmt"/>
      <line num="406" count="3" type="stmt"/>
      <line num="407" count="3" type="stmt"/>
      <line num="411" count="4" type="stmt"/>
      <line num="422" count="3" type="stmt"/>
      <line num="423" count="3" type="cond" truecount="1" falsecount="1"/>
      <line num="425" count="3" type="stmt"/>
      <line num="426" count="3" type="stmt"/>
      <line num="427" count="4" type="cond" truecount="2" falsecount="0"/>
      <line num="428" count="3" type="stmt"/>
      <line num="432" count="3" type="cond" truecount="2" falsecount="0"/>
      <line num="433" count="2" type="stmt"/>
      <line num="434" count="2" type="stmt"/>
      <line num="437" count="3" type="stmt"/>
      <line num="448" count="2" type="stmt"/>
      <line num="449" count="2" type="cond" truecount="1" falsecount="1"/>
      <line num="451" count="3" type="stmt"/>
      <line num="453" count="2" type="cond" truecount="2" falsecount="0"/>
      <line num="454" count="1" type="stmt"/>
      <line num="455" count="1" type="stmt"/>
      <line num="458" count="1" type="stmt"/>
      <line num="465" count="1" type="stmt"/>
    </file>
  </project>
</coverage>
