{"/Users/yihui/Desktop/MEE7-bot/core/analyzer.js": {"path":"/Users/yihui/Desktop/MEE7-bot/core/analyzer.js","statementMap":{"0":{"start":{"line":4,"column":28},"end":{"line":4,"column":55}},"1":{"start":{"line":5,"column":17},"end":{"line":5,"column":33}},"2":{"start":{"line":6,"column":21},"end":{"line":6,"column":50}},"3":{"start":{"line":7,"column":34},"end":{"line":7,"column":61}},"4":{"start":{"line":10,"column":22},"end":{"line":35,"column":8}},"5":{"start":{"line":42,"column":17},"end":{"line":42,"column":43}},"6":{"start":{"line":44,"column":4},"end":{"line":294,"column":5}},"7":{"start":{"line":46,"column":26},"end":{"line":49,"column":9}},"8":{"start":{"line":52,"column":23},"end":{"line":52,"column":55}},"9":{"start":{"line":53,"column":27},"end":{"line":53,"column":58}},"10":{"start":{"line":54,"column":28},"end":{"line":54,"column":115}},"11":{"start":{"line":57,"column":30},"end":{"line":60,"column":9}},"12":{"start":{"line":63,"column":8},"end":{"line":66,"column":9}},"13":{"start":{"line":64,"column":12},"end":{"line":64,"column":66}},"14":{"start":{"line":65,"column":12},"end":{"line":65,"column":24}},"15":{"start":{"line":68,"column":8},"end":{"line":68,"column":97}},"16":{"start":{"line":72,"column":34},"end":{"line":75,"column":9}},"17":{"start":{"line":77,"column":8},"end":{"line":77,"column":34}},"18":{"start":{"line":80,"column":28},"end":{"line":80,"column":127}},"19":{"start":{"line":80,"column":53},"end":{"line":80,"column":115}},"20":{"start":{"line":81,"column":24},"end":{"line":81,"column":109}},"21":{"start":{"line":81,"column":45},"end":{"line":81,"column":97}},"22":{"start":{"line":83,"column":27},"end":{"line":89,"column":16}},"23":{"start":{"line":92,"column":22},"end":{"line":92,"column":32}},"24":{"start":{"line":93,"column":19},"end":{"line":93,"column":36}},"25":{"start":{"line":95,"column":23},"end":{"line":102,"column":10}},"26":{"start":{"line":106,"column":8},"end":{"line":117,"column":9}},"27":{"start":{"line":108,"column":12},"end":{"line":113,"column":13}},"28":{"start":{"line":109,"column":16},"end":{"line":109,"column":74}},"29":{"start":{"line":110,"column":16},"end":{"line":110,"column":28}},"30":{"start":{"line":112,"column":16},"end":{"line":112,"column":49}},"31":{"start":{"line":115,"column":12},"end":{"line":115,"column":71}},"32":{"start":{"line":116,"column":12},"end":{"line":116,"column":24}},"33":{"start":{"line":119,"column":25},"end":{"line":131,"column":9}},"34":{"start":{"line":134,"column":8},"end":{"line":136,"column":9}},"35":{"start":{"line":135,"column":12},"end":{"line":135,"column":72}},"36":{"start":{"line":138,"column":8},"end":{"line":138,"column":81}},"37":{"start":{"line":141,"column":8},"end":{"line":141,"column":81}},"38":{"start":{"line":144,"column":8},"end":{"line":225,"column":9}},"39":{"start":{"line":146,"column":73},"end":{"line":146,"column":98}},"40":{"start":{"line":149,"column":34},"end":{"line":149,"column":63}},"41":{"start":{"line":150,"column":33},"end":{"line":150,"column":62}},"42":{"start":{"line":151,"column":32},"end":{"line":151,"column":54}},"43":{"start":{"line":155,"column":28},"end":{"line":155,"column":36}},"44":{"start":{"line":156,"column":12},"end":{"line":156,"column":71}},"45":{"start":{"line":156,"column":50},"end":{"line":156,"column":71}},"46":{"start":{"line":157,"column":12},"end":{"line":157,"column":73}},"47":{"start":{"line":157,"column":51},"end":{"line":157,"column":73}},"48":{"start":{"line":159,"column":12},"end":{"line":159,"column":111}},"49":{"start":{"line":163,"column":34},"end":{"line":163,"column":36}},"50":{"start":{"line":164,"column":12},"end":{"line":167,"column":13}},"51":{"start":{"line":165,"column":28},"end":{"line":165,"column":58}},"52":{"start":{"line":166,"column":16},"end":{"line":166,"column":67}},"53":{"start":{"line":169,"column":34},"end":{"line":169,"column":38}},"54":{"start":{"line":170,"column":36},"end":{"line":170,"column":40}},"55":{"start":{"line":171,"column":27},"end":{"line":171,"column":28}},"56":{"start":{"line":172,"column":12},"end":{"line":188,"column":13}},"57":{"start":{"line":173,"column":16},"end":{"line":187,"column":17}},"58":{"start":{"line":174,"column":20},"end":{"line":174,"column":37}},"59":{"start":{"line":176,"column":20},"end":{"line":186,"column":21}},"60":{"start":{"line":177,"column":24},"end":{"line":177,"column":46}},"61":{"start":{"line":179,"column":38},"end":{"line":179,"column":81}},"62":{"start":{"line":179,"column":60},"end":{"line":179,"column":80}},"63":{"start":{"line":180,"column":24},"end":{"line":180,"column":72}},"64":{"start":{"line":182,"column":24},"end":{"line":182,"column":48}},"65":{"start":{"line":184,"column":38},"end":{"line":184,"column":83}},"66":{"start":{"line":184,"column":60},"end":{"line":184,"column":82}},"67":{"start":{"line":185,"column":24},"end":{"line":185,"column":68}},"68":{"start":{"line":192,"column":26},"end":{"line":201,"column":14}},"69":{"start":{"line":195,"column":57},"end":{"line":195,"column":64}},"70":{"start":{"line":204,"column":29},"end":{"line":204,"column":49}},"71":{"start":{"line":206,"column":12},"end":{"line":206,"column":98}},"72":{"start":{"line":209,"column":12},"end":{"line":220,"column":13}},"73":{"start":{"line":210,"column":16},"end":{"line":210,"column":73}},"74":{"start":{"line":213,"column":16},"end":{"line":219,"column":17}},"75":{"start":{"line":214,"column":52},"end":{"line":214,"column":85}},"76":{"start":{"line":215,"column":20},"end":{"line":215,"column":72}},"77":{"start":{"line":218,"column":20},"end":{"line":218,"column":98}},"78":{"start":{"line":224,"column":12},"end":{"line":224,"column":88}},"79":{"start":{"line":230,"column":28},"end":{"line":230,"column":73}},"80":{"start":{"line":230,"column":57},"end":{"line":230,"column":66}},"81":{"start":{"line":234,"column":37},"end":{"line":234,"column":84}},"82":{"start":{"line":235,"column":28},"end":{"line":235,"column":69}},"83":{"start":{"line":238,"column":27},"end":{"line":238,"column":67}},"84":{"start":{"line":242,"column":25},"end":{"line":242,"column":80}},"85":{"start":{"line":245,"column":28},"end":{"line":245,"column":36}},"86":{"start":{"line":246,"column":27},"end":{"line":246,"column":35}},"87":{"start":{"line":249,"column":8},"end":{"line":253,"column":9}},"88":{"start":{"line":251,"column":12},"end":{"line":251,"column":67}},"89":{"start":{"line":252,"column":12},"end":{"line":252,"column":44}},"90":{"start":{"line":256,"column":26},"end":{"line":256,"column":64}},"91":{"start":{"line":258,"column":8},"end":{"line":266,"column":10}},"92":{"start":{"line":269,"column":8},"end":{"line":285,"column":10}},"93":{"start":{"line":287,"column":8},"end":{"line":287,"column":141}},"94":{"start":{"line":288,"column":8},"end":{"line":288,"column":24}},"95":{"start":{"line":291,"column":8},"end":{"line":291,"column":77}},"96":{"start":{"line":293,"column":8},"end":{"line":293,"column":23}},"97":{"start":{"line":301,"column":17},"end":{"line":301,"column":43}},"98":{"start":{"line":302,"column":4},"end":{"line":454,"column":5}},"99":{"start":{"line":306,"column":8},"end":{"line":306,"column":38}},"100":{"start":{"line":309,"column":22},"end":{"line":309,"column":59}},"101":{"start":{"line":314,"column":8},"end":{"line":337,"column":9}},"102":{"start":{"line":315,"column":12},"end":{"line":336,"column":13}},"103":{"start":{"line":318,"column":34},"end":{"line":318,"column":54}},"104":{"start":{"line":321,"column":31},"end":{"line":321,"column":46}},"105":{"start":{"line":328,"column":30},"end":{"line":334,"column":9}},"106":{"start":{"line":335,"column":16},"end":{"line":335,"column":88}},"107":{"start":{"line":344,"column":28},"end":{"line":344,"column":73}},"108":{"start":{"line":344,"column":57},"end":{"line":344,"column":66}},"109":{"start":{"line":347,"column":23},"end":{"line":347,"column":145}},"110":{"start":{"line":350,"column":26},"end":{"line":350,"column":34}},"111":{"start":{"line":351,"column":21},"end":{"line":351,"column":22}},"112":{"start":{"line":354,"column":8},"end":{"line":357,"column":9}},"113":{"start":{"line":355,"column":12},"end":{"line":355,"column":49}},"114":{"start":{"line":356,"column":12},"end":{"line":356,"column":43}},"115":{"start":{"line":362,"column":28},"end":{"line":362,"column":56}},"116":{"start":{"line":363,"column":32},"end":{"line":365,"column":25}},"117":{"start":{"line":375,"column":28},"end":{"line":386,"column":5}},"118":{"start":{"line":388,"column":8},"end":{"line":403,"column":11}},"119":{"start":{"line":408,"column":8},"end":{"line":424,"column":9}},"120":{"start":{"line":409,"column":12},"end":{"line":423,"column":13}},"121":{"start":{"line":412,"column":16},"end":{"line":412,"column":50}},"122":{"start":{"line":412,"column":41},"end":{"line":412,"column":50}},"123":{"start":{"line":414,"column":16},"end":{"line":422,"column":18}},"124":{"start":{"line":428,"column":24},"end":{"line":428,"column":52}},"125":{"start":{"line":429,"column":25},"end":{"line":429,"column":64}},"126":{"start":{"line":432,"column":8},"end":{"line":441,"column":9}},"127":{"start":{"line":434,"column":32},"end":{"line":434,"column":104}},"128":{"start":{"line":436,"column":12},"end":{"line":439,"column":14}},"129":{"start":{"line":440,"column":12},"end":{"line":440,"column":73}},"130":{"start":{"line":444,"column":8},"end":{"line":444,"column":28}},"131":{"start":{"line":448,"column":8},"end":{"line":448,"column":30}},"132":{"start":{"line":449,"column":8},"end":{"line":449,"column":18}},"133":{"start":{"line":453,"column":8},"end":{"line":453,"column":23}},"134":{"start":{"line":457,"column":0},"end":{"line":459,"column":2}}},"fnMap":{"0":{"name":"analyzeGuild","decl":{"start":{"line":39,"column":15},"end":{"line":39,"column":27}},"loc":{"start":{"line":39,"column":37},"end":{"line":295,"column":1}},"line":39},"1":{"name":"(anonymous_1)","decl":{"start":{"line":80,"column":48},"end":{"line":80,"column":49}},"loc":{"start":{"line":80,"column":53},"end":{"line":80,"column":115}},"line":80},"2":{"name":"(anonymous_2)","decl":{"start":{"line":81,"column":40},"end":{"line":81,"column":41}},"loc":{"start":{"line":81,"column":45},"end":{"line":81,"column":97}},"line":81},"3":{"name":"(anonymous_3)","decl":{"start":{"line":179,"column":55},"end":{"line":179,"column":56}},"loc":{"start":{"line":179,"column":60},"end":{"line":179,"column":80}},"line":179},"4":{"name":"(anonymous_4)","decl":{"start":{"line":184,"column":55},"end":{"line":184,"column":56}},"loc":{"start":{"line":184,"column":60},"end":{"line":184,"column":82}},"line":184},"5":{"name":"(anonymous_5)","decl":{"start":{"line":195,"column":52},"end":{"line":195,"column":53}},"loc":{"start":{"line":195,"column":57},"end":{"line":195,"column":64}},"line":195},"6":{"name":"(anonymous_6)","decl":{"start":{"line":230,"column":52},"end":{"line":230,"column":53}},"loc":{"start":{"line":230,"column":57},"end":{"line":230,"column":66}},"line":230},"7":{"name":"updateDatabase","decl":{"start":{"line":298,"column":15},"end":{"line":298,"column":29}},"loc":{"start":{"line":298,"column":72},"end":{"line":455,"column":1}},"line":298},"8":{"name":"(anonymous_8)","decl":{"start":{"line":344,"column":52},"end":{"line":344,"column":53}},"loc":{"start":{"line":344,"column":57},"end":{"line":344,"column":66}},"line":344}},"branchMap":{"0":{"loc":{"start":{"line":52,"column":23},"end":{"line":52,"column":55}},"type":"binary-expr","locations":[{"start":{"line":52,"column":23},"end":{"line":52,"column":50}},{"start":{"line":52,"column":54},"end":{"line":52,"column":55}}],"line":52},"1":{"loc":{"start":{"line":53,"column":27},"end":{"line":53,"column":58}},"type":"binary-expr","locations":[{"start":{"line":53,"column":27},"end":{"line":53,"column":51}},{"start":{"line":53,"column":55},"end":{"line":53,"column":58}}],"line":53},"2":{"loc":{"start":{"line":54,"column":28},"end":{"line":54,"column":115}},"type":"cond-expr","locations":[{"start":{"line":54,"column":53},"end":{"line":54,"column":94}},{"start":{"line":54,"column":97},"end":{"line":54,"column":115}}],"line":54},"3":{"loc":{"start":{"line":63,"column":8},"end":{"line":66,"column":9}},"type":"if","locations":[{"start":{"line":63,"column":8},"end":{"line":66,"column":9}},{"start":{},"end":{}}],"line":63},"4":{"loc":{"start":{"line":108,"column":12},"end":{"line":113,"column":13}},"type":"if","locations":[{"start":{"line":108,"column":12},"end":{"line":113,"column":13}},{"start":{"line":111,"column":19},"end":{"line":113,"column":13}}],"line":108},"5":{"loc":{"start":{"line":120,"column":20},"end":{"line":120,"column":69}},"type":"cond-expr","locations":[{"start":{"line":120,"column":51},"end":{"line":120,"column":64}},{"start":{"line":120,"column":67},"end":{"line":120,"column":69}}],"line":120},"6":{"loc":{"start":{"line":125,"column":21},"end":{"line":125,"column":48}},"type":"binary-expr","locations":[{"start":{"line":125,"column":21},"end":{"line":125,"column":43}},{"start":{"line":125,"column":47},"end":{"line":125,"column":48}}],"line":125},"7":{"loc":{"start":{"line":126,"column":21},"end":{"line":126,"column":48}},"type":"binary-expr","locations":[{"start":{"line":126,"column":21},"end":{"line":126,"column":43}},{"start":{"line":126,"column":47},"end":{"line":126,"column":48}}],"line":126},"8":{"loc":{"start":{"line":127,"column":32},"end":{"line":127,"column":70}},"type":"binary-expr","locations":[{"start":{"line":127,"column":32},"end":{"line":127,"column":65}},{"start":{"line":127,"column":69},"end":{"line":127,"column":70}}],"line":127},"9":{"loc":{"start":{"line":130,"column":20},"end":{"line":130,"column":69}},"type":"cond-expr","locations":[{"start":{"line":130,"column":51},"end":{"line":130,"column":64}},{"start":{"line":130,"column":67},"end":{"line":130,"column":69}}],"line":130},"10":{"loc":{"start":{"line":134,"column":8},"end":{"line":136,"column":9}},"type":"if","locations":[{"start":{"line":134,"column":8},"end":{"line":136,"column":9}},{"start":{},"end":{}}],"line":134},"11":{"loc":{"start":{"line":150,"column":33},"end":{"line":150,"column":62}},"type":"binary-expr","locations":[{"start":{"line":150,"column":33},"end":{"line":150,"column":57}},{"start":{"line":150,"column":61},"end":{"line":150,"column":62}}],"line":150},"12":{"loc":{"start":{"line":156,"column":12},"end":{"line":156,"column":71}},"type":"if","locations":[{"start":{"line":156,"column":12},"end":{"line":156,"column":71}},{"start":{},"end":{}}],"line":156},"13":{"loc":{"start":{"line":157,"column":12},"end":{"line":157,"column":73}},"type":"if","locations":[{"start":{"line":157,"column":12},"end":{"line":157,"column":73}},{"start":{},"end":{}}],"line":157},"14":{"loc":{"start":{"line":165,"column":28},"end":{"line":165,"column":58}},"type":"binary-expr","locations":[{"start":{"line":165,"column":28},"end":{"line":165,"column":40}},{"start":{"line":165,"column":44},"end":{"line":165,"column":58}}],"line":165},"15":{"loc":{"start":{"line":166,"column":38},"end":{"line":166,"column":61}},"type":"binary-expr","locations":[{"start":{"line":166,"column":38},"end":{"line":166,"column":56}},{"start":{"line":166,"column":60},"end":{"line":166,"column":61}}],"line":166},"16":{"loc":{"start":{"line":173,"column":16},"end":{"line":187,"column":17}},"type":"if","locations":[{"start":{"line":173,"column":16},"end":{"line":187,"column":17}},{"start":{},"end":{}}],"line":173},"17":{"loc":{"start":{"line":176,"column":20},"end":{"line":186,"column":21}},"type":"if","locations":[{"start":{"line":176,"column":20},"end":{"line":186,"column":21}},{"start":{"line":181,"column":27},"end":{"line":186,"column":21}}],"line":176},"18":{"loc":{"start":{"line":180,"column":44},"end":{"line":180,"column":71}},"type":"binary-expr","locations":[{"start":{"line":180,"column":44},"end":{"line":180,"column":63}},{"start":{"line":180,"column":67},"end":{"line":180,"column":71}}],"line":180},"19":{"loc":{"start":{"line":185,"column":42},"end":{"line":185,"column":67}},"type":"binary-expr","locations":[{"start":{"line":185,"column":42},"end":{"line":185,"column":59}},{"start":{"line":185,"column":63},"end":{"line":185,"column":67}}],"line":185},"20":{"loc":{"start":{"line":196,"column":30},"end":{"line":196,"column":51}},"type":"binary-expr","locations":[{"start":{"line":196,"column":30},"end":{"line":196,"column":45}},{"start":{"line":196,"column":49},"end":{"line":196,"column":51}}],"line":196},"21":{"loc":{"start":{"line":209,"column":12},"end":{"line":220,"column":13}},"type":"if","locations":[{"start":{"line":209,"column":12},"end":{"line":220,"column":13}},{"start":{},"end":{}}],"line":209},"22":{"loc":{"start":{"line":249,"column":8},"end":{"line":253,"column":9}},"type":"if","locations":[{"start":{"line":249,"column":8},"end":{"line":253,"column":9}},{"start":{},"end":{}}],"line":249},"23":{"loc":{"start":{"line":249,"column":12},"end":{"line":249,"column":63}},"type":"binary-expr","locations":[{"start":{"line":249,"column":12},"end":{"line":249,"column":44}},{"start":{"line":249,"column":48},"end":{"line":249,"column":63}}],"line":249},"24":{"loc":{"start":{"line":283,"column":16},"end":{"line":283,"column":55}},"type":"binary-expr","locations":[{"start":{"line":283,"column":16},"end":{"line":283,"column":42}},{"start":{"line":283,"column":46},"end":{"line":283,"column":55}}],"line":283},"25":{"loc":{"start":{"line":314,"column":8},"end":{"line":337,"column":9}},"type":"if","locations":[{"start":{"line":314,"column":8},"end":{"line":337,"column":9}},{"start":{},"end":{}}],"line":314},"26":{"loc":{"start":{"line":321,"column":31},"end":{"line":321,"column":46}},"type":"binary-expr","locations":[{"start":{"line":321,"column":31},"end":{"line":321,"column":39}},{"start":{"line":321,"column":43},"end":{"line":321,"column":46}}],"line":321},"27":{"loc":{"start":{"line":354,"column":8},"end":{"line":357,"column":9}},"type":"if","locations":[{"start":{"line":354,"column":8},"end":{"line":357,"column":9}},{"start":{},"end":{}}],"line":354},"28":{"loc":{"start":{"line":362,"column":28},"end":{"line":362,"column":56}},"type":"binary-expr","locations":[{"start":{"line":362,"column":28},"end":{"line":362,"column":51}},{"start":{"line":362,"column":55},"end":{"line":362,"column":56}}],"line":362},"29":{"loc":{"start":{"line":363,"column":32},"end":{"line":365,"column":25}},"type":"cond-expr","locations":[{"start":{"line":364,"column":14},"end":{"line":364,"column":89}},{"start":{"line":365,"column":14},"end":{"line":365,"column":25}}],"line":363},"30":{"loc":{"start":{"line":393,"column":12},"end":{"line":393,"column":40}},"type":"binary-expr","locations":[{"start":{"line":393,"column":12},"end":{"line":393,"column":35}},{"start":{"line":393,"column":39},"end":{"line":393,"column":40}}],"line":393},"31":{"loc":{"start":{"line":394,"column":12},"end":{"line":394,"column":51}},"type":"binary-expr","locations":[{"start":{"line":394,"column":12},"end":{"line":394,"column":46}},{"start":{"line":394,"column":50},"end":{"line":394,"column":51}}],"line":394},"32":{"loc":{"start":{"line":395,"column":27},"end":{"line":395,"column":48}},"type":"binary-expr","locations":[{"start":{"line":395,"column":27},"end":{"line":395,"column":42}},{"start":{"line":395,"column":46},"end":{"line":395,"column":48}}],"line":395},"33":{"loc":{"start":{"line":401,"column":12},"end":{"line":401,"column":40}},"type":"binary-expr","locations":[{"start":{"line":401,"column":12},"end":{"line":401,"column":35}},{"start":{"line":401,"column":39},"end":{"line":401,"column":40}}],"line":401},"34":{"loc":{"start":{"line":402,"column":12},"end":{"line":402,"column":51}},"type":"binary-expr","locations":[{"start":{"line":402,"column":12},"end":{"line":402,"column":46}},{"start":{"line":402,"column":50},"end":{"line":402,"column":51}}],"line":402},"35":{"loc":{"start":{"line":408,"column":8},"end":{"line":424,"column":9}},"type":"if","locations":[{"start":{"line":408,"column":8},"end":{"line":424,"column":9}},{"start":{},"end":{}}],"line":408},"36":{"loc":{"start":{"line":408,"column":12},"end":{"line":408,"column":57}},"type":"binary-expr","locations":[{"start":{"line":408,"column":12},"end":{"line":408,"column":27}},{"start":{"line":408,"column":31},"end":{"line":408,"column":57}}],"line":408},"37":{"loc":{"start":{"line":412,"column":16},"end":{"line":412,"column":50}},"type":"if","locations":[{"start":{"line":412,"column":16},"end":{"line":412,"column":50}},{"start":{},"end":{}}],"line":412},"38":{"loc":{"start":{"line":420,"column":24},"end":{"line":420,"column":63}},"type":"binary-expr","locations":[{"start":{"line":420,"column":24},"end":{"line":420,"column":50}},{"start":{"line":420,"column":54},"end":{"line":420,"column":63}}],"line":420},"39":{"loc":{"start":{"line":428,"column":24},"end":{"line":428,"column":52}},"type":"binary-expr","locations":[{"start":{"line":428,"column":24},"end":{"line":428,"column":47}},{"start":{"line":428,"column":51},"end":{"line":428,"column":52}}],"line":428},"40":{"loc":{"start":{"line":429,"column":25},"end":{"line":429,"column":64}},"type":"binary-expr","locations":[{"start":{"line":429,"column":25},"end":{"line":429,"column":59}},{"start":{"line":429,"column":63},"end":{"line":429,"column":64}}],"line":429},"41":{"loc":{"start":{"line":432,"column":8},"end":{"line":441,"column":9}},"type":"if","locations":[{"start":{"line":432,"column":8},"end":{"line":441,"column":9}},{"start":{},"end":{}}],"line":432},"42":{"loc":{"start":{"line":432,"column":12},"end":{"line":432,"column":44}},"type":"binary-expr","locations":[{"start":{"line":432,"column":12},"end":{"line":432,"column":26}},{"start":{"line":432,"column":30},"end":{"line":432,"column":44}}],"line":432},"43":{"loc":{"start":{"line":438,"column":80},"end":{"line":438,"column":119}},"type":"binary-expr","locations":[{"start":{"line":438,"column":80},"end":{"line":438,"column":106}},{"start":{"line":438,"column":110},"end":{"line":438,"column":119}}],"line":438}},"s":{"0":1,"1":1,"2":1,"3":1,"4":1,"5":32,"6":32,"7":32,"8":32,"9":32,"10":32,"11":32,"12":32,"13":1,"14":1,"15":31,"16":31,"17":31,"18":31,"19":1,"20":31,"21":56,"22":31,"23":31,"24":31,"25":31,"26":31,"27":31,"28":1,"29":1,"30":30,"31":1,"32":1,"33":31,"34":31,"35":3,"36":31,"37":31,"38":30,"39":30,"40":30,"41":30,"42":30,"43":30,"44":30,"45":5,"46":30,"47":7,"48":30,"49":30,"50":30,"51":55,"52":55,"53":30,"54":30,"55":30,"56":30,"57":31,"58":30,"59":30,"60":2,"61":2,"62":2,"63":2,"64":28,"65":28,"66":51,"67":28,"68":30,"69":12,"70":28,"71":28,"72":28,"73":3,"74":3,"75":3,"76":3,"77":2,"78":2,"79":30,"80":55,"81":30,"82":30,"83":30,"84":30,"85":30,"86":30,"87":30,"88":1,"89":1,"90":30,"91":30,"92":30,"93":30,"94":30,"95":1,"96":32,"97":31,"98":31,"99":31,"100":31,"101":31,"102":31,"103":12,"104":12,"105":12,"106":12,"107":31,"108":56,"109":31,"110":30,"111":30,"112":30,"113":1,"114":1,"115":30,"116":30,"117":30,"118":30,"119":30,"120":3,"121":4,"122":0,"123":4,"124":30,"125":30,"126":30,"127":5,"128":5,"129":5,"130":30,"131":1,"132":1,"133":31,"134":1},"f":{"0":32,"1":1,"2":56,"3":2,"4":51,"5":12,"6":55,"7":31,"8":56},"b":{"0":[32,30],"1":[32,0],"2":[32,0],"3":[1,31],"4":[1,30],"5":[29,2],"6":[31,3],"7":[31,3],"8":[31,3],"9":[29,2],"10":[3,28],"11":[30,27],"12":[5,25],"13":[7,23],"14":[55,5],"15":[55,31],"16":[30,1],"17":[2,28],"18":[2,1],"19":[28,28],"20":[30,0],"21":[3,25],"22":[1,29],"23":[30,2],"24":[30,4],"25":[31,0],"26":[12,0],"27":[1,29],"28":[30,16],"29":[1,29],"30":[30,16],"31":[30,22],"32":[30,0],"33":[30,16],"34":[30,22],"35":[3,27],"36":[30,30],"37":[0,4],"38":[4,0],"39":[30,16],"40":[30,22],"41":[5,25],"42":[30,25],"43":[5,0]},"_coverageSchema":"1a1c01bbd47fc00a2c39e90264f33305004495a9","hash":"11e2aaf5eda793a8f5124fbeb76e16c86e3a570e"}
,"/Users/yihui/Desktop/MEE7-bot/core/gemini-orchestrator.js": {"path":"/Users/yihui/Desktop/MEE7-bot/core/gemini-orchestrator.js","statementMap":{"0":{"start":{"line":5,"column":28},"end":{"line":5,"column":55}},"1":{"start":{"line":13,"column":4},"end":{"line":13,"column":29}},"2":{"start":{"line":14,"column":32},"end":{"line":14,"column":61}},"3":{"start":{"line":15,"column":69},"end":{"line":15,"column":93}},"4":{"start":{"line":16,"column":50},"end":{"line":16,"column":78}},"5":{"start":{"line":17,"column":49},"end":{"line":17,"column":76}},"6":{"start":{"line":18,"column":25},"end":{"line":18,"column":51}},"7":{"start":{"line":19,"column":60},"end":{"line":19,"column":92}},"8":{"start":{"line":25,"column":4},"end":{"line":25,"column":38}},"9":{"start":{"line":26,"column":31},"end":{"line":26,"column":62}},"10":{"start":{"line":27,"column":51},"end":{"line":27,"column":80}},"11":{"start":{"line":28,"column":56},"end":{"line":28,"column":94}},"12":{"start":{"line":31,"column":29},"end":{"line":31,"column":32}},"13":{"start":{"line":32,"column":28},"end":{"line":32,"column":30}},"14":{"start":{"line":33,"column":34},"end":{"line":33,"column":40}},"15":{"start":{"line":35,"column":25},"end":{"line":35,"column":34}},"16":{"start":{"line":37,"column":29},"end":{"line":45,"column":1}},"17":{"start":{"line":38,"column":17},"end":{"line":38,"column":46}},"18":{"start":{"line":39,"column":2},"end":{"line":39,"column":27}},"19":{"start":{"line":39,"column":15},"end":{"line":39,"column":27}},"20":{"start":{"line":40,"column":2},"end":{"line":43,"column":3}},"21":{"start":{"line":41,"column":4},"end":{"line":41,"column":37}},"22":{"start":{"line":42,"column":4},"end":{"line":42,"column":16}},"23":{"start":{"line":44,"column":2},"end":{"line":44,"column":24}},"24":{"start":{"line":47,"column":29},"end":{"line":52,"column":1}},"25":{"start":{"line":48,"column":2},"end":{"line":51,"column":5}},"26":{"start":{"line":60,"column":2},"end":{"line":67,"column":3}},"27":{"start":{"line":61,"column":19},"end":{"line":61,"column":61}},"28":{"start":{"line":63,"column":4},"end":{"line":66,"column":5}},"29":{"start":{"line":64,"column":6},"end":{"line":64,"column":76}},"30":{"start":{"line":65,"column":6},"end":{"line":65,"column":18}},"31":{"start":{"line":70,"column":2},"end":{"line":77,"column":3}},"32":{"start":{"line":71,"column":19},"end":{"line":71,"column":61}},"33":{"start":{"line":73,"column":4},"end":{"line":76,"column":5}},"34":{"start":{"line":74,"column":6},"end":{"line":74,"column":76}},"35":{"start":{"line":75,"column":6},"end":{"line":75,"column":18}},"36":{"start":{"line":80,"column":2},"end":{"line":83,"column":3}},"37":{"start":{"line":81,"column":4},"end":{"line":81,"column":66}},"38":{"start":{"line":82,"column":4},"end":{"line":82,"column":16}},"39":{"start":{"line":87,"column":30},"end":{"line":87,"column":77}},"40":{"start":{"line":88,"column":2},"end":{"line":91,"column":3}},"41":{"start":{"line":89,"column":4},"end":{"line":89,"column":87}},"42":{"start":{"line":90,"column":4},"end":{"line":90,"column":16}},"43":{"start":{"line":93,"column":2},"end":{"line":93,"column":15}},"44":{"start":{"line":109,"column":25},"end":{"line":109,"column":51}},"45":{"start":{"line":110,"column":2},"end":{"line":113,"column":3}},"46":{"start":{"line":111,"column":4},"end":{"line":111,"column":57}},"47":{"start":{"line":112,"column":4},"end":{"line":112,"column":11}},"48":{"start":{"line":115,"column":20},"end":{"line":115,"column":30}},"49":{"start":{"line":116,"column":18},"end":{"line":116,"column":20}},"50":{"start":{"line":117,"column":25},"end":{"line":117,"column":57}},"51":{"start":{"line":119,"column":2},"end":{"line":123,"column":5}},"52":{"start":{"line":125,"column":13},"end":{"line":125,"column":30}},"53":{"start":{"line":126,"column":14},"end":{"line":126,"column":38}},"54":{"start":{"line":128,"column":2},"end":{"line":699,"column":3}},"55":{"start":{"line":130,"column":33},"end":{"line":130,"column":74}},"56":{"start":{"line":131,"column":4},"end":{"line":140,"column":5}},"57":{"start":{"line":132,"column":6},"end":{"line":137,"column":34}},"58":{"start":{"line":139,"column":6},"end":{"line":139,"column":29}},"59":{"start":{"line":143,"column":23},"end":{"line":143,"column":65}},"60":{"start":{"line":144,"column":18},"end":{"line":144,"column":20}},"61":{"start":{"line":145,"column":19},"end":{"line":145,"column":21}},"62":{"start":{"line":146,"column":28},"end":{"line":146,"column":71}},"63":{"start":{"line":147,"column":4},"end":{"line":153,"column":5}},"64":{"start":{"line":148,"column":28},"end":{"line":148,"column":73}},"65":{"start":{"line":149,"column":6},"end":{"line":149,"column":38}},"66":{"start":{"line":150,"column":6},"end":{"line":150,"column":40}},"67":{"start":{"line":152,"column":6},"end":{"line":152,"column":24}},"68":{"start":{"line":156,"column":31},"end":{"line":156,"column":95}},"69":{"start":{"line":158,"column":6},"end":{"line":160,"column":18}},"70":{"start":{"line":163,"column":23},"end":{"line":163,"column":52}},"71":{"start":{"line":164,"column":24},"end":{"line":164,"column":33}},"72":{"start":{"line":165,"column":30},"end":{"line":165,"column":78}},"73":{"start":{"line":166,"column":4},"end":{"line":178,"column":5}},"74":{"start":{"line":167,"column":29},"end":{"line":167,"column":93}},"75":{"start":{"line":168,"column":26},"end":{"line":168,"column":81}},"76":{"start":{"line":169,"column":6},"end":{"line":169,"column":78}},"77":{"start":{"line":171,"column":6},"end":{"line":173,"column":7}},"78":{"start":{"line":172,"column":8},"end":{"line":172,"column":56}},"79":{"start":{"line":172,"column":27},"end":{"line":172,"column":56}},"80":{"start":{"line":175,"column":6},"end":{"line":175,"column":67}},"81":{"start":{"line":177,"column":6},"end":{"line":177,"column":26}},"82":{"start":{"line":181,"column":32},"end":{"line":183,"column":5}},"83":{"start":{"line":182,"column":39},"end":{"line":182,"column":47}},"84":{"start":{"line":182,"column":58},"end":{"line":182,"column":66}},"85":{"start":{"line":184,"column":23},"end":{"line":188,"column":6}},"86":{"start":{"line":191,"column":22},"end":{"line":191,"column":50}},"87":{"start":{"line":192,"column":21},"end":{"line":192,"column":23}},"88":{"start":{"line":193,"column":4},"end":{"line":212,"column":5}},"89":{"start":{"line":194,"column":26},"end":{"line":194,"column":56}},"90":{"start":{"line":195,"column":6},"end":{"line":206,"column":7}},"91":{"start":{"line":196,"column":8},"end":{"line":196,"column":34}},"92":{"start":{"line":197,"column":8},"end":{"line":197,"column":46}},"93":{"start":{"line":199,"column":37},"end":{"line":199,"column":78}},"94":{"start":{"line":200,"column":8},"end":{"line":205,"column":9}},"95":{"start":{"line":201,"column":10},"end":{"line":201,"column":55}},"96":{"start":{"line":202,"column":10},"end":{"line":202,"column":54}},"97":{"start":{"line":204,"column":10},"end":{"line":204,"column":33}},"98":{"start":{"line":207,"column":6},"end":{"line":211,"column":7}},"99":{"start":{"line":208,"column":8},"end":{"line":208,"column":59}},"100":{"start":{"line":210,"column":8},"end":{"line":210,"column":24}},"101":{"start":{"line":215,"column":33},"end":{"line":215,"column":75}},"102":{"start":{"line":216,"column":24},"end":{"line":216,"column":89}},"103":{"start":{"line":217,"column":4},"end":{"line":217,"column":27}},"104":{"start":{"line":220,"column":41},"end":{"line":220,"column":87}},"105":{"start":{"line":221,"column":4},"end":{"line":227,"column":5}},"106":{"start":{"line":222,"column":29},"end":{"line":222,"column":93}},"107":{"start":{"line":223,"column":26},"end":{"line":223,"column":81}},"108":{"start":{"line":224,"column":6},"end":{"line":224,"column":87}},"109":{"start":{"line":226,"column":6},"end":{"line":226,"column":37}},"110":{"start":{"line":230,"column":35},"end":{"line":234,"column":5}},"111":{"start":{"line":237,"column":27},"end":{"line":237,"column":79}},"112":{"start":{"line":239,"column":31},"end":{"line":239,"column":44}},"113":{"start":{"line":240,"column":28},"end":{"line":240,"column":98}},"114":{"start":{"line":241,"column":27},"end":{"line":241,"column":77}},"115":{"start":{"line":242,"column":28},"end":{"line":242,"column":83}},"116":{"start":{"line":244,"column":21},"end":{"line":244,"column":47}},"117":{"start":{"line":245,"column":21},"end":{"line":251,"column":8}},"118":{"start":{"line":254,"column":22},"end":{"line":261,"column":5}},"119":{"start":{"line":264,"column":4},"end":{"line":274,"column":5}},"120":{"start":{"line":265,"column":28},"end":{"line":265,"column":112}},"121":{"start":{"line":266,"column":27},"end":{"line":266,"column":89}},"122":{"start":{"line":267,"column":6},"end":{"line":272,"column":7}},"123":{"start":{"line":268,"column":32},"end":{"line":270,"column":21}},"124":{"start":{"line":269,"column":22},"end":{"line":269,"column":46}},"125":{"start":{"line":271,"column":8},"end":{"line":271,"column":64}},"126":{"start":{"line":273,"column":6},"end":{"line":273,"column":76}},"127":{"start":{"line":277,"column":35},"end":{"line":277,"column":77}},"128":{"start":{"line":278,"column":28},"end":{"line":278,"column":65}},"129":{"start":{"line":279,"column":4},"end":{"line":279,"column":29}},"130":{"start":{"line":281,"column":4},"end":{"line":284,"column":7}},"131":{"start":{"line":285,"column":4},"end":{"line":285,"column":39}},"132":{"start":{"line":288,"column":24},"end":{"line":291,"column":5}},"133":{"start":{"line":292,"column":4},"end":{"line":298,"column":5}},"134":{"start":{"line":293,"column":28},"end":{"line":293,"column":112}},"135":{"start":{"line":294,"column":6},"end":{"line":297,"column":9}},"136":{"start":{"line":300,"column":4},"end":{"line":300,"column":21}},"137":{"start":{"line":303,"column":19},"end":{"line":303,"column":49}},"138":{"start":{"line":304,"column":4},"end":{"line":304,"column":41}},"139":{"start":{"line":306,"column":34},"end":{"line":306,"column":81}},"140":{"start":{"line":307,"column":36},"end":{"line":307,"column":54}},"141":{"start":{"line":310,"column":15},"end":{"line":310,"column":17}},"142":{"start":{"line":311,"column":25},"end":{"line":311,"column":71}},"143":{"start":{"line":312,"column":27},"end":{"line":312,"column":72}},"144":{"start":{"line":314,"column":25},"end":{"line":314,"column":44}},"145":{"start":{"line":316,"column":4},"end":{"line":635,"column":5}},"146":{"start":{"line":319,"column":27},"end":{"line":319,"column":65}},"147":{"start":{"line":320,"column":32},"end":{"line":320,"column":94}},"148":{"start":{"line":325,"column":18},"end":{"line":325,"column":56}},"149":{"start":{"line":326,"column":6},"end":{"line":326,"column":41}},"150":{"start":{"line":329,"column":31},"end":{"line":329,"column":69}},"151":{"start":{"line":330,"column":23},"end":{"line":330,"column":51}},"152":{"start":{"line":332,"column":6},"end":{"line":344,"column":7}},"153":{"start":{"line":333,"column":8},"end":{"line":333,"column":60}},"154":{"start":{"line":334,"column":8},"end":{"line":334,"column":37}},"155":{"start":{"line":336,"column":33},"end":{"line":341,"column":23}},"156":{"start":{"line":336,"column":52},"end":{"line":336,"column":80}},"157":{"start":{"line":337,"column":25},"end":{"line":339,"column":23}},"158":{"start":{"line":338,"column":34},"end":{"line":338,"column":83}},"159":{"start":{"line":340,"column":10},"end":{"line":340,"column":81}},"160":{"start":{"line":343,"column":8},"end":{"line":343,"column":498}},"161":{"start":{"line":347,"column":23},"end":{"line":373,"column":7}},"162":{"start":{"line":348,"column":23},"end":{"line":352,"column":10}},"163":{"start":{"line":354,"column":8},"end":{"line":371,"column":9}},"164":{"start":{"line":355,"column":10},"end":{"line":370,"column":11}},"165":{"start":{"line":356,"column":25},"end":{"line":356,"column":67}},"166":{"start":{"line":358,"column":30},"end":{"line":358,"column":76}},"167":{"start":{"line":359,"column":12},"end":{"line":367,"column":13}},"168":{"start":{"line":360,"column":29},"end":{"line":360,"column":53}},"169":{"start":{"line":361,"column":14},"end":{"line":366,"column":15}},"170":{"start":{"line":363,"column":16},"end":{"line":365,"column":19}},"171":{"start":{"line":372,"column":8},"end":{"line":372,"column":22}},"172":{"start":{"line":376,"column":21},"end":{"line":376,"column":76}},"173":{"start":{"line":378,"column":24},"end":{"line":378,"column":44}},"174":{"start":{"line":379,"column":29},"end":{"line":379,"column":38}},"175":{"start":{"line":380,"column":32},"end":{"line":383,"column":7}},"176":{"start":{"line":384,"column":26},"end":{"line":384,"column":28}},"177":{"start":{"line":385,"column":30},"end":{"line":385,"column":31}},"178":{"start":{"line":386,"column":33},"end":{"line":386,"column":34}},"179":{"start":{"line":389,"column":6},"end":{"line":595,"column":7}},"180":{"start":{"line":390,"column":33},"end":{"line":390,"column":92}},"181":{"start":{"line":390,"column":77},"end":{"line":390,"column":91}},"182":{"start":{"line":391,"column":8},"end":{"line":394,"column":9}},"183":{"start":{"line":393,"column":10},"end":{"line":393,"column":16}},"184":{"start":{"line":396,"column":8},"end":{"line":396,"column":28}},"185":{"start":{"line":397,"column":29},"end":{"line":397,"column":58}},"186":{"start":{"line":398,"column":27},"end":{"line":398,"column":54}},"187":{"start":{"line":400,"column":8},"end":{"line":400,"column":70}},"188":{"start":{"line":403,"column":34},"end":{"line":403,"column":62}},"189":{"start":{"line":404,"column":29},"end":{"line":404,"column":48}},"190":{"start":{"line":405,"column":29},"end":{"line":405,"column":91}},"191":{"start":{"line":407,"column":8},"end":{"line":441,"column":9}},"192":{"start":{"line":408,"column":10},"end":{"line":440,"column":11}},"193":{"start":{"line":409,"column":38},"end":{"line":414,"column":14}},"194":{"start":{"line":416,"column":12},"end":{"line":437,"column":13}},"195":{"start":{"line":417,"column":37},"end":{"line":420,"column":15}},"196":{"start":{"line":421,"column":14},"end":{"line":421,"column":55}},"197":{"start":{"line":423,"column":33},"end":{"line":423,"column":68}},"198":{"start":{"line":424,"column":39},"end":{"line":424,"column":63}},"199":{"start":{"line":426,"column":14},"end":{"line":426,"column":65}},"200":{"start":{"line":430,"column":30},"end":{"line":430,"column":81}},"201":{"start":{"line":430,"column":74},"end":{"line":430,"column":80}},"202":{"start":{"line":431,"column":14},"end":{"line":436,"column":15}},"203":{"start":{"line":432,"column":16},"end":{"line":432,"column":52}},"204":{"start":{"line":435,"column":16},"end":{"line":435,"column":52}},"205":{"start":{"line":439,"column":12},"end":{"line":439,"column":74}},"206":{"start":{"line":444,"column":8},"end":{"line":476,"column":9}},"207":{"start":{"line":445,"column":25},"end":{"line":445,"column":83}},"208":{"start":{"line":445,"column":78},"end":{"line":445,"column":82}},"209":{"start":{"line":446,"column":32},"end":{"line":446,"column":70}},"210":{"start":{"line":448,"column":10},"end":{"line":475,"column":11}},"211":{"start":{"line":450,"column":30},"end":{"line":450,"column":140}},"212":{"start":{"line":452,"column":12},"end":{"line":467,"column":13}},"213":{"start":{"line":453,"column":14},"end":{"line":456,"column":17}},"214":{"start":{"line":458,"column":14},"end":{"line":466,"column":17}},"215":{"start":{"line":470,"column":31},"end":{"line":470,"column":66}},"216":{"start":{"line":472,"column":12},"end":{"line":472,"column":56}},"217":{"start":{"line":473,"column":12},"end":{"line":473,"column":63}},"218":{"start":{"line":474,"column":12},"end":{"line":474,"column":21}},"219":{"start":{"line":479,"column":8},"end":{"line":522,"column":9}},"220":{"start":{"line":480,"column":29},"end":{"line":480,"column":91}},"221":{"start":{"line":480,"column":75},"end":{"line":480,"column":90}},"222":{"start":{"line":481,"column":35},"end":{"line":481,"column":88}},"223":{"start":{"line":482,"column":10},"end":{"line":482,"column":69}},"224":{"start":{"line":484,"column":31},"end":{"line":492,"column":12}},"225":{"start":{"line":494,"column":10},"end":{"line":521,"column":11}},"226":{"start":{"line":496,"column":34},"end":{"line":496,"column":127}},"227":{"start":{"line":498,"column":12},"end":{"line":513,"column":13}},"228":{"start":{"line":499,"column":14},"end":{"line":502,"column":17}},"229":{"start":{"line":504,"column":14},"end":{"line":512,"column":17}},"230":{"start":{"line":516,"column":31},"end":{"line":516,"column":66}},"231":{"start":{"line":518,"column":12},"end":{"line":518,"column":56}},"232":{"start":{"line":519,"column":12},"end":{"line":519,"column":63}},"233":{"start":{"line":520,"column":12},"end":{"line":520,"column":21}},"234":{"start":{"line":525,"column":8},"end":{"line":594,"column":9}},"235":{"start":{"line":526,"column":25},"end":{"line":526,"column":83}},"236":{"start":{"line":526,"column":78},"end":{"line":526,"column":82}},"237":{"start":{"line":530,"column":40},"end":{"line":530,"column":65}},"238":{"start":{"line":531,"column":31},"end":{"line":531,"column":115}},"239":{"start":{"line":533,"column":10},"end":{"line":538,"column":11}},"240":{"start":{"line":534,"column":12},"end":{"line":534,"column":75}},"241":{"start":{"line":537,"column":12},"end":{"line":537,"column":95}},"242":{"start":{"line":540,"column":10},"end":{"line":540,"column":67}},"243":{"start":{"line":543,"column":28},"end":{"line":543,"column":58}},"244":{"start":{"line":545,"column":10},"end":{"line":560,"column":11}},"245":{"start":{"line":546,"column":12},"end":{"line":549,"column":15}},"246":{"start":{"line":551,"column":12},"end":{"line":559,"column":15}},"247":{"start":{"line":563,"column":29},"end":{"line":563,"column":64}},"248":{"start":{"line":565,"column":10},"end":{"line":565,"column":54}},"249":{"start":{"line":566,"column":10},"end":{"line":566,"column":61}},"250":{"start":{"line":568,"column":10},"end":{"line":568,"column":69}},"251":{"start":{"line":570,"column":10},"end":{"line":570,"column":60}},"252":{"start":{"line":572,"column":10},"end":{"line":587,"column":11}},"253":{"start":{"line":573,"column":12},"end":{"line":576,"column":15}},"254":{"start":{"line":578,"column":12},"end":{"line":586,"column":15}},"255":{"start":{"line":590,"column":29},"end":{"line":590,"column":64}},"256":{"start":{"line":592,"column":10},"end":{"line":592,"column":54}},"257":{"start":{"line":593,"column":10},"end":{"line":593,"column":61}},"258":{"start":{"line":598,"column":31},"end":{"line":598,"column":88}},"259":{"start":{"line":598,"column":75},"end":{"line":598,"column":81}},"260":{"start":{"line":601,"column":6},"end":{"line":629,"column":7}},"261":{"start":{"line":603,"column":8},"end":{"line":603,"column":32}},"262":{"start":{"line":604,"column":8},"end":{"line":604,"column":98}},"263":{"start":{"line":605,"column":13},"end":{"line":629,"column":7}},"264":{"start":{"line":607,"column":29},"end":{"line":611,"column":10}},"265":{"start":{"line":612,"column":8},"end":{"line":612,"column":107}},"266":{"start":{"line":613,"column":13},"end":{"line":629,"column":7}},"267":{"start":{"line":615,"column":29},"end":{"line":619,"column":10}},"268":{"start":{"line":620,"column":8},"end":{"line":620,"column":75}},"269":{"start":{"line":623,"column":29},"end":{"line":627,"column":10}},"270":{"start":{"line":628,"column":8},"end":{"line":628,"column":75}},"271":{"start":{"line":631,"column":6},"end":{"line":631,"column":42}},"272":{"start":{"line":632,"column":6},"end":{"line":632,"column":78}},"273":{"start":{"line":632,"column":72},"end":{"line":632,"column":76}},"274":{"start":{"line":634,"column":6},"end":{"line":634,"column":23}},"275":{"start":{"line":638,"column":4},"end":{"line":638,"column":54}},"276":{"start":{"line":638,"column":15},"end":{"line":638,"column":54}},"277":{"start":{"line":641,"column":4},"end":{"line":658,"column":5}},"278":{"start":{"line":642,"column":21},"end":{"line":642,"column":23}},"279":{"start":{"line":643,"column":22},"end":{"line":643,"column":26}},"280":{"start":{"line":644,"column":6},"end":{"line":647,"column":7}},"281":{"start":{"line":645,"column":8},"end":{"line":645,"column":46}},"282":{"start":{"line":646,"column":8},"end":{"line":646,"column":42}},"283":{"start":{"line":650,"column":6},"end":{"line":652,"column":7}},"284":{"start":{"line":651,"column":8},"end":{"line":651,"column":98}},"285":{"start":{"line":655,"column":6},"end":{"line":657,"column":7}},"286":{"start":{"line":655,"column":19},"end":{"line":655,"column":20}},"287":{"start":{"line":656,"column":8},"end":{"line":656,"column":81}},"288":{"start":{"line":660,"column":27},"end":{"line":660,"column":51}},"289":{"start":{"line":661,"column":22},"end":{"line":661,"column":55}},"290":{"start":{"line":663,"column":31},"end":{"line":663,"column":75}},"291":{"start":{"line":664,"column":4},"end":{"line":673,"column":5}},"292":{"start":{"line":665,"column":6},"end":{"line":670,"column":34}},"293":{"start":{"line":672,"column":6},"end":{"line":672,"column":27}},"294":{"start":{"line":676,"column":4},"end":{"line":691,"column":5}},"295":{"start":{"line":677,"column":29},"end":{"line":680,"column":31}},"296":{"start":{"line":678,"column":8},"end":{"line":680,"column":31}},"297":{"start":{"line":682,"column":24},"end":{"line":682,"column":68}},"298":{"start":{"line":683,"column":26},"end":{"line":683,"column":75}},"299":{"start":{"line":684,"column":23},"end":{"line":684,"column":98}},"300":{"start":{"line":685,"column":24},"end":{"line":685,"column":50}},"301":{"start":{"line":686,"column":26},"end":{"line":686,"column":46}},"302":{"start":{"line":688,"column":6},"end":{"line":688,"column":154}},"303":{"start":{"line":690,"column":6},"end":{"line":690,"column":54}},"304":{"start":{"line":694,"column":4},"end":{"line":694,"column":94}},"305":{"start":{"line":697,"column":26},"end":{"line":697,"column":42}},"306":{"start":{"line":698,"column":4},"end":{"line":698,"column":45}},"307":{"start":{"line":706,"column":18},"end":{"line":706,"column":20}},"308":{"start":{"line":707,"column":2},"end":{"line":751,"column":3}},"309":{"start":{"line":708,"column":4},"end":{"line":717,"column":5}},"310":{"start":{"line":709,"column":24},"end":{"line":709,"column":40}},"311":{"start":{"line":710,"column":6},"end":{"line":710,"column":29}},"312":{"start":{"line":712,"column":6},"end":{"line":716,"column":7}},"313":{"start":{"line":713,"column":8},"end":{"line":715,"column":9}},"314":{"start":{"line":714,"column":10},"end":{"line":714,"column":82}},"315":{"start":{"line":719,"column":4},"end":{"line":721,"column":5}},"316":{"start":{"line":720,"column":6},"end":{"line":720,"column":24}},"317":{"start":{"line":722,"column":4},"end":{"line":737,"column":5}},"318":{"start":{"line":723,"column":6},"end":{"line":736,"column":9}},"319":{"start":{"line":724,"column":8},"end":{"line":735,"column":9}},"320":{"start":{"line":725,"column":10},"end":{"line":725,"column":80}},"321":{"start":{"line":726,"column":10},"end":{"line":732,"column":11}},"322":{"start":{"line":727,"column":12},"end":{"line":729,"column":13}},"323":{"start":{"line":728,"column":14},"end":{"line":728,"column":52}},"324":{"start":{"line":731,"column":12},"end":{"line":731,"column":72}},"325":{"start":{"line":734,"column":10},"end":{"line":734,"column":20}},"326":{"start":{"line":739,"column":4},"end":{"line":739,"column":50}},"327":{"start":{"line":740,"column":4},"end":{"line":750,"column":5}},"328":{"start":{"line":741,"column":6},"end":{"line":749,"column":9}},"329":{"start":{"line":742,"column":8},"end":{"line":748,"column":9}},"330":{"start":{"line":743,"column":10},"end":{"line":747,"column":11}},"331":{"start":{"line":744,"column":12},"end":{"line":744,"column":50}},"332":{"start":{"line":746,"column":12},"end":{"line":746,"column":64}},"333":{"start":{"line":752,"column":2},"end":{"line":752,"column":19}},"334":{"start":{"line":759,"column":26},"end":{"line":850,"column":6}},"335":{"start":{"line":760,"column":4},"end":{"line":849,"column":5}},"336":{"start":{"line":761,"column":22},"end":{"line":761,"column":24}},"337":{"start":{"line":762,"column":31},"end":{"line":762,"column":72}},"338":{"start":{"line":764,"column":17},"end":{"line":764,"column":34}},"339":{"start":{"line":765,"column":28},"end":{"line":772,"column":8}},"340":{"start":{"line":774,"column":32},"end":{"line":774,"column":74}},"341":{"start":{"line":775,"column":21},"end":{"line":778,"column":8}},"342":{"start":{"line":779,"column":6},"end":{"line":779,"column":26}},"343":{"start":{"line":781,"column":23},"end":{"line":781,"column":40}},"344":{"start":{"line":782,"column":6},"end":{"line":791,"column":7}},"345":{"start":{"line":783,"column":8},"end":{"line":790,"column":9}},"346":{"start":{"line":784,"column":10},"end":{"line":787,"column":20}},"347":{"start":{"line":785,"column":22},"end":{"line":785,"column":34}},"348":{"start":{"line":793,"column":29},"end":{"line":793,"column":31}},"349":{"start":{"line":795,"column":6},"end":{"line":804,"column":7}},"350":{"start":{"line":796,"column":8},"end":{"line":803,"column":14}},"351":{"start":{"line":797,"column":29},"end":{"line":797,"column":74}},"352":{"start":{"line":798,"column":10},"end":{"line":802,"column":11}},"353":{"start":{"line":799,"column":12},"end":{"line":799,"column":62}},"354":{"start":{"line":801,"column":12},"end":{"line":801,"column":25}},"355":{"start":{"line":806,"column":6},"end":{"line":813,"column":12}},"356":{"start":{"line":807,"column":29},"end":{"line":807,"column":69}},"357":{"start":{"line":808,"column":8},"end":{"line":812,"column":9}},"358":{"start":{"line":809,"column":10},"end":{"line":809,"column":69}},"359":{"start":{"line":811,"column":10},"end":{"line":811,"column":25}},"360":{"start":{"line":815,"column":6},"end":{"line":841,"column":7}},"361":{"start":{"line":816,"column":8},"end":{"line":840,"column":14}},"362":{"start":{"line":817,"column":34},"end":{"line":817,"column":76}},"363":{"start":{"line":818,"column":10},"end":{"line":839,"column":11}},"364":{"start":{"line":819,"column":38},"end":{"line":830,"column":15}},"365":{"start":{"line":819,"column":75},"end":{"line":830,"column":13}},"366":{"start":{"line":832,"column":12},"end":{"line":832,"column":99}},"367":{"start":{"line":833,"column":12},"end":{"line":836,"column":15}},"368":{"start":{"line":838,"column":12},"end":{"line":838,"column":30}},"369":{"start":{"line":843,"column":6},"end":{"line":843,"column":40}},"370":{"start":{"line":844,"column":6},"end":{"line":844,"column":25}},"371":{"start":{"line":846,"column":6},"end":{"line":846,"column":55}},"372":{"start":{"line":848,"column":6},"end":{"line":848,"column":53}},"373":{"start":{"line":852,"column":2},"end":{"line":854,"column":5}},"374":{"start":{"line":853,"column":4},"end":{"line":853,"column":59}},"375":{"start":{"line":856,"column":2},"end":{"line":856,"column":25}},"376":{"start":{"line":859,"column":0},"end":{"line":862,"column":2}}},"fnMap":{"0":{"name":"(anonymous_0)","decl":{"start":{"line":37,"column":29},"end":{"line":37,"column":30}},"loc":{"start":{"line":37,"column":42},"end":{"line":45,"column":1}},"line":37},"1":{"name":"(anonymous_1)","decl":{"start":{"line":47,"column":29},"end":{"line":47,"column":30}},"loc":{"start":{"line":47,"column":51},"end":{"line":52,"column":1}},"line":47},"2":{"name":"shouldProvideContext","decl":{"start":{"line":58,"column":9},"end":{"line":58,"column":29}},"loc":{"start":{"line":58,"column":48},"end":{"line":94,"column":1}},"line":58},"3":{"name":"runGeminiCore","decl":{"start":{"line":100,"column":15},"end":{"line":100,"column":28}},"loc":{"start":{"line":108,"column":3},"end":{"line":700,"column":1}},"line":108},"4":{"name":"(anonymous_4)","decl":{"start":{"line":182,"column":34},"end":{"line":182,"column":35}},"loc":{"start":{"line":182,"column":39},"end":{"line":182,"column":47}},"line":182},"5":{"name":"(anonymous_5)","decl":{"start":{"line":182,"column":53},"end":{"line":182,"column":54}},"loc":{"start":{"line":182,"column":58},"end":{"line":182,"column":66}},"line":182},"6":{"name":"(anonymous_6)","decl":{"start":{"line":269,"column":15},"end":{"line":269,"column":16}},"loc":{"start":{"line":269,"column":22},"end":{"line":269,"column":46}},"line":269},"7":{"name":"(anonymous_7)","decl":{"start":{"line":336,"column":47},"end":{"line":336,"column":48}},"loc":{"start":{"line":336,"column":52},"end":{"line":336,"column":80}},"line":336},"8":{"name":"(anonymous_8)","decl":{"start":{"line":336,"column":102},"end":{"line":336,"column":103}},"loc":{"start":{"line":336,"column":108},"end":{"line":341,"column":9}},"line":336},"9":{"name":"(anonymous_9)","decl":{"start":{"line":338,"column":17},"end":{"line":338,"column":18}},"loc":{"start":{"line":338,"column":34},"end":{"line":338,"column":83}},"line":338},"10":{"name":"(anonymous_10)","decl":{"start":{"line":347,"column":23},"end":{"line":347,"column":24}},"loc":{"start":{"line":347,"column":43},"end":{"line":373,"column":7}},"line":347},"11":{"name":"(anonymous_11)","decl":{"start":{"line":390,"column":72},"end":{"line":390,"column":73}},"loc":{"start":{"line":390,"column":77},"end":{"line":390,"column":91}},"line":390},"12":{"name":"(anonymous_12)","decl":{"start":{"line":430,"column":69},"end":{"line":430,"column":70}},"loc":{"start":{"line":430,"column":74},"end":{"line":430,"column":80}},"line":430},"13":{"name":"(anonymous_13)","decl":{"start":{"line":445,"column":72},"end":{"line":445,"column":73}},"loc":{"start":{"line":445,"column":78},"end":{"line":445,"column":82}},"line":445},"14":{"name":"(anonymous_14)","decl":{"start":{"line":480,"column":70},"end":{"line":480,"column":71}},"loc":{"start":{"line":480,"column":75},"end":{"line":480,"column":90}},"line":480},"15":{"name":"(anonymous_15)","decl":{"start":{"line":526,"column":72},"end":{"line":526,"column":73}},"loc":{"start":{"line":526,"column":78},"end":{"line":526,"column":82}},"line":526},"16":{"name":"(anonymous_16)","decl":{"start":{"line":598,"column":70},"end":{"line":598,"column":71}},"loc":{"start":{"line":598,"column":75},"end":{"line":598,"column":81}},"line":598},"17":{"name":"(anonymous_17)","decl":{"start":{"line":604,"column":87},"end":{"line":604,"column":88}},"loc":{"start":{"line":604,"column":93},"end":{"line":604,"column":96}},"line":604},"18":{"name":"(anonymous_18)","decl":{"start":{"line":632,"column":66},"end":{"line":632,"column":67}},"loc":{"start":{"line":632,"column":72},"end":{"line":632,"column":76}},"line":632},"19":{"name":"(anonymous_19)","decl":{"start":{"line":651,"column":87},"end":{"line":651,"column":88}},"loc":{"start":{"line":651,"column":93},"end":{"line":651,"column":96}},"line":651},"20":{"name":"(anonymous_20)","decl":{"start":{"line":677,"column":29},"end":{"line":677,"column":30}},"loc":{"start":{"line":678,"column":8},"end":{"line":680,"column":31}},"line":678},"21":{"name":"handleStreamingResponse","decl":{"start":{"line":705,"column":15},"end":{"line":705,"column":38}},"loc":{"start":{"line":705,"column":76},"end":{"line":753,"column":1}},"line":705},"22":{"name":"(anonymous_22)","decl":{"start":{"line":714,"column":71},"end":{"line":714,"column":72}},"loc":{"start":{"line":714,"column":77},"end":{"line":714,"column":80}},"line":714},"23":{"name":"(anonymous_23)","decl":{"start":{"line":723,"column":67},"end":{"line":723,"column":68}},"loc":{"start":{"line":723,"column":82},"end":{"line":736,"column":7}},"line":723},"24":{"name":"(anonymous_24)","decl":{"start":{"line":741,"column":67},"end":{"line":741,"column":68}},"loc":{"start":{"line":741,"column":82},"end":{"line":749,"column":7}},"line":741},"25":{"name":"scheduleMemoryMaintenance","decl":{"start":{"line":758,"column":9},"end":{"line":758,"column":34}},"loc":{"start":{"line":758,"column":105},"end":{"line":857,"column":1}},"line":758},"26":{"name":"(anonymous_26)","decl":{"start":{"line":759,"column":27},"end":{"line":759,"column":28}},"loc":{"start":{"line":759,"column":39},"end":{"line":850,"column":3}},"line":759},"27":{"name":"(anonymous_27)","decl":{"start":{"line":785,"column":17},"end":{"line":785,"column":18}},"loc":{"start":{"line":785,"column":22},"end":{"line":785,"column":34}},"line":785},"28":{"name":"(anonymous_28)","decl":{"start":{"line":796,"column":29},"end":{"line":796,"column":30}},"loc":{"start":{"line":796,"column":41},"end":{"line":803,"column":9}},"line":796},"29":{"name":"(anonymous_29)","decl":{"start":{"line":806,"column":27},"end":{"line":806,"column":28}},"loc":{"start":{"line":806,"column":39},"end":{"line":813,"column":7}},"line":806},"30":{"name":"(anonymous_30)","decl":{"start":{"line":816,"column":29},"end":{"line":816,"column":30}},"loc":{"start":{"line":816,"column":41},"end":{"line":840,"column":9}},"line":816},"31":{"name":"(anonymous_31)","decl":{"start":{"line":819,"column":69},"end":{"line":819,"column":70}},"loc":{"start":{"line":819,"column":75},"end":{"line":830,"column":13}},"line":819},"32":{"name":"(anonymous_32)","decl":{"start":{"line":852,"column":24},"end":{"line":852,"column":25}},"loc":{"start":{"line":852,"column":31},"end":{"line":854,"column":3}},"line":852}},"branchMap":{"0":{"loc":{"start":{"line":39,"column":2},"end":{"line":39,"column":27}},"type":"if","locations":[{"start":{"line":39,"column":2},"end":{"line":39,"column":27}},{"start":{},"end":{}}],"line":39},"1":{"loc":{"start":{"line":40,"column":2},"end":{"line":43,"column":3}},"type":"if","locations":[{"start":{"line":40,"column":2},"end":{"line":43,"column":3}},{"start":{},"end":{}}],"line":40},"2":{"loc":{"start":{"line":60,"column":2},"end":{"line":67,"column":3}},"type":"if","locations":[{"start":{"line":60,"column":2},"end":{"line":67,"column":3}},{"start":{},"end":{}}],"line":60},"3":{"loc":{"start":{"line":63,"column":4},"end":{"line":66,"column":5}},"type":"if","locations":[{"start":{"line":63,"column":4},"end":{"line":66,"column":5}},{"start":{},"end":{}}],"line":63},"4":{"loc":{"start":{"line":70,"column":2},"end":{"line":77,"column":3}},"type":"if","locations":[{"start":{"line":70,"column":2},"end":{"line":77,"column":3}},{"start":{},"end":{}}],"line":70},"5":{"loc":{"start":{"line":73,"column":4},"end":{"line":76,"column":5}},"type":"if","locations":[{"start":{"line":73,"column":4},"end":{"line":76,"column":5}},{"start":{},"end":{}}],"line":73},"6":{"loc":{"start":{"line":80,"column":2},"end":{"line":83,"column":3}},"type":"if","locations":[{"start":{"line":80,"column":2},"end":{"line":83,"column":3}},{"start":{},"end":{}}],"line":80},"7":{"loc":{"start":{"line":88,"column":2},"end":{"line":91,"column":3}},"type":"if","locations":[{"start":{"line":88,"column":2},"end":{"line":91,"column":3}},{"start":{},"end":{}}],"line":88},"8":{"loc":{"start":{"line":105,"column":2},"end":{"line":105,"column":18}},"type":"default-arg","locations":[{"start":{"line":105,"column":16},"end":{"line":105,"column":18}}],"line":105},"9":{"loc":{"start":{"line":106,"column":2},"end":{"line":106,"column":23}},"type":"default-arg","locations":[{"start":{"line":106,"column":19},"end":{"line":106,"column":23}}],"line":106},"10":{"loc":{"start":{"line":110,"column":2},"end":{"line":113,"column":3}},"type":"if","locations":[{"start":{"line":110,"column":2},"end":{"line":113,"column":3}},{"start":{},"end":{}}],"line":110},"11":{"loc":{"start":{"line":121,"column":13},"end":{"line":121,"column":30}},"type":"binary-expr","locations":[{"start":{"line":121,"column":13},"end":{"line":121,"column":22}},{"start":{"line":121,"column":26},"end":{"line":121,"column":30}}],"line":121},"12":{"loc":{"start":{"line":137,"column":9},"end":{"line":137,"column":32}},"type":"cond-expr","locations":[{"start":{"line":137,"column":17},"end":{"line":137,"column":25}},{"start":{"line":137,"column":28},"end":{"line":137,"column":32}}],"line":137},"13":{"loc":{"start":{"line":156,"column":31},"end":{"line":156,"column":95}},"type":"cond-expr","locations":[{"start":{"line":156,"column":57},"end":{"line":156,"column":59}},{"start":{"line":156,"column":62},"end":{"line":156,"column":95}}],"line":156},"14":{"loc":{"start":{"line":156,"column":62},"end":{"line":156,"column":95}},"type":"cond-expr","locations":[{"start":{"line":156,"column":88},"end":{"line":156,"column":90}},{"start":{"line":156,"column":93},"end":{"line":156,"column":95}}],"line":156},"15":{"loc":{"start":{"line":158,"column":6},"end":{"line":160,"column":18}},"type":"cond-expr","locations":[{"start":{"line":159,"column":10},"end":{"line":159,"column":45}},{"start":{"line":160,"column":10},"end":{"line":160,"column":18}}],"line":158},"16":{"loc":{"start":{"line":167,"column":29},"end":{"line":167,"column":93}},"type":"cond-expr","locations":[{"start":{"line":167,"column":55},"end":{"line":167,"column":57}},{"start":{"line":167,"column":60},"end":{"line":167,"column":93}}],"line":167},"17":{"loc":{"start":{"line":167,"column":60},"end":{"line":167,"column":93}},"type":"cond-expr","locations":[{"start":{"line":167,"column":86},"end":{"line":167,"column":88}},{"start":{"line":167,"column":91},"end":{"line":167,"column":93}}],"line":167},"18":{"loc":{"start":{"line":172,"column":8},"end":{"line":172,"column":56}},"type":"if","locations":[{"start":{"line":172,"column":8},"end":{"line":172,"column":56}},{"start":{},"end":{}}],"line":172},"19":{"loc":{"start":{"line":193,"column":4},"end":{"line":212,"column":5}},"type":"if","locations":[{"start":{"line":193,"column":4},"end":{"line":212,"column":5}},{"start":{},"end":{}}],"line":193},"20":{"loc":{"start":{"line":195,"column":6},"end":{"line":206,"column":7}},"type":"if","locations":[{"start":{"line":195,"column":6},"end":{"line":206,"column":7}},{"start":{"line":198,"column":13},"end":{"line":206,"column":7}}],"line":195},"21":{"loc":{"start":{"line":208,"column":32},"end":{"line":208,"column":57}},"type":"binary-expr","locations":[{"start":{"line":208,"column":32},"end":{"line":208,"column":49}},{"start":{"line":208,"column":53},"end":{"line":208,"column":57}}],"line":208},"22":{"loc":{"start":{"line":222,"column":29},"end":{"line":222,"column":93}},"type":"cond-expr","locations":[{"start":{"line":222,"column":55},"end":{"line":222,"column":57}},{"start":{"line":222,"column":60},"end":{"line":222,"column":93}}],"line":222},"23":{"loc":{"start":{"line":222,"column":60},"end":{"line":222,"column":93}},"type":"cond-expr","locations":[{"start":{"line":222,"column":86},"end":{"line":222,"column":88}},{"start":{"line":222,"column":91},"end":{"line":222,"column":93}}],"line":222},"24":{"loc":{"start":{"line":239,"column":31},"end":{"line":239,"column":44}},"type":"binary-expr","locations":[{"start":{"line":239,"column":31},"end":{"line":239,"column":38}},{"start":{"line":239,"column":42},"end":{"line":239,"column":44}}],"line":239},"25":{"loc":{"start":{"line":242,"column":28},"end":{"line":242,"column":83}},"type":"cond-expr","locations":[{"start":{"line":242,"column":59},"end":{"line":242,"column":78}},{"start":{"line":242,"column":81},"end":{"line":242,"column":83}}],"line":242},"26":{"loc":{"start":{"line":242,"column":28},"end":{"line":242,"column":56}},"type":"binary-expr","locations":[{"start":{"line":242,"column":28},"end":{"line":242,"column":33}},{"start":{"line":242,"column":37},"end":{"line":242,"column":56}}],"line":242},"27":{"loc":{"start":{"line":248,"column":21},"end":{"line":248,"column":54}},"type":"binary-expr","locations":[{"start":{"line":248,"column":21},"end":{"line":248,"column":38}},{"start":{"line":248,"column":42},"end":{"line":248,"column":54}}],"line":248},"28":{"loc":{"start":{"line":250,"column":12},"end":{"line":250,"column":56}},"type":"cond-expr","locations":[{"start":{"line":250,"column":20},"end":{"line":250,"column":49}},{"start":{"line":250,"column":52},"end":{"line":250,"column":56}}],"line":250},"29":{"loc":{"start":{"line":257,"column":10},"end":{"line":257,"column":89}},"type":"cond-expr","locations":[{"start":{"line":257,"column":28},"end":{"line":257,"column":84}},{"start":{"line":257,"column":87},"end":{"line":257,"column":89}}],"line":257},"30":{"loc":{"start":{"line":258,"column":10},"end":{"line":258,"column":98}},"type":"cond-expr","locations":[{"start":{"line":258,"column":31},"end":{"line":258,"column":93}},{"start":{"line":258,"column":96},"end":{"line":258,"column":98}}],"line":258},"31":{"loc":{"start":{"line":264,"column":4},"end":{"line":274,"column":5}},"type":"if","locations":[{"start":{"line":264,"column":4},"end":{"line":274,"column":5}},{"start":{},"end":{}}],"line":264},"32":{"loc":{"start":{"line":264,"column":8},"end":{"line":264,"column":47}},"type":"binary-expr","locations":[{"start":{"line":264,"column":8},"end":{"line":264,"column":22}},{"start":{"line":264,"column":26},"end":{"line":264,"column":47}}],"line":264},"33":{"loc":{"start":{"line":265,"column":28},"end":{"line":265,"column":112}},"type":"binary-expr","locations":[{"start":{"line":265,"column":28},"end":{"line":265,"column":78}},{"start":{"line":265,"column":82},"end":{"line":265,"column":112}}],"line":265},"34":{"loc":{"start":{"line":266,"column":49},"end":{"line":266,"column":86}},"type":"binary-expr","locations":[{"start":{"line":266,"column":49},"end":{"line":266,"column":71}},{"start":{"line":266,"column":75},"end":{"line":266,"column":86}}],"line":266},"35":{"loc":{"start":{"line":267,"column":6},"end":{"line":272,"column":7}},"type":"if","locations":[{"start":{"line":267,"column":6},"end":{"line":272,"column":7}},{"start":{},"end":{}}],"line":267},"36":{"loc":{"start":{"line":269,"column":22},"end":{"line":269,"column":46}},"type":"binary-expr","locations":[{"start":{"line":269,"column":22},"end":{"line":269,"column":30}},{"start":{"line":269,"column":34},"end":{"line":269,"column":46}}],"line":269},"37":{"loc":{"start":{"line":292,"column":4},"end":{"line":298,"column":5}},"type":"if","locations":[{"start":{"line":292,"column":4},"end":{"line":298,"column":5}},{"start":{},"end":{}}],"line":292},"38":{"loc":{"start":{"line":293,"column":28},"end":{"line":293,"column":112}},"type":"binary-expr","locations":[{"start":{"line":293,"column":28},"end":{"line":293,"column":78}},{"start":{"line":293,"column":82},"end":{"line":293,"column":112}}],"line":293},"39":{"loc":{"start":{"line":296,"column":36},"end":{"line":296,"column":73}},"type":"binary-expr","locations":[{"start":{"line":296,"column":36},"end":{"line":296,"column":58}},{"start":{"line":296,"column":62},"end":{"line":296,"column":73}}],"line":296},"40":{"loc":{"start":{"line":319,"column":27},"end":{"line":319,"column":65}},"type":"cond-expr","locations":[{"start":{"line":319,"column":42},"end":{"line":319,"column":53}},{"start":{"line":319,"column":56},"end":{"line":319,"column":65}}],"line":319},"41":{"loc":{"start":{"line":320,"column":32},"end":{"line":320,"column":94}},"type":"cond-expr","locations":[{"start":{"line":320,"column":47},"end":{"line":320,"column":70}},{"start":{"line":320,"column":73},"end":{"line":320,"column":94}}],"line":320},"42":{"loc":{"start":{"line":325,"column":18},"end":{"line":325,"column":56}},"type":"cond-expr","locations":[{"start":{"line":325,"column":33},"end":{"line":325,"column":43}},{"start":{"line":325,"column":46},"end":{"line":325,"column":56}}],"line":325},"43":{"loc":{"start":{"line":332,"column":6},"end":{"line":344,"column":7}},"type":"if","locations":[{"start":{"line":332,"column":6},"end":{"line":344,"column":7}},{"start":{},"end":{}}],"line":332},"44":{"loc":{"start":{"line":336,"column":52},"end":{"line":336,"column":80}},"type":"binary-expr","locations":[{"start":{"line":336,"column":52},"end":{"line":336,"column":74}},{"start":{"line":336,"column":78},"end":{"line":336,"column":80}}],"line":336},"45":{"loc":{"start":{"line":337,"column":40},"end":{"line":337,"column":71}},"type":"binary-expr","locations":[{"start":{"line":337,"column":40},"end":{"line":337,"column":65}},{"start":{"line":337,"column":69},"end":{"line":337,"column":71}}],"line":337},"46":{"loc":{"start":{"line":354,"column":8},"end":{"line":371,"column":9}},"type":"if","locations":[{"start":{"line":354,"column":8},"end":{"line":371,"column":9}},{"start":{},"end":{}}],"line":354},"47":{"loc":{"start":{"line":359,"column":12},"end":{"line":367,"column":13}},"type":"if","locations":[{"start":{"line":359,"column":12},"end":{"line":367,"column":13}},{"start":{},"end":{}}],"line":359},"48":{"loc":{"start":{"line":361,"column":14},"end":{"line":366,"column":15}},"type":"if","locations":[{"start":{"line":361,"column":14},"end":{"line":366,"column":15}},{"start":{},"end":{}}],"line":361},"49":{"loc":{"start":{"line":391,"column":8},"end":{"line":394,"column":9}},"type":"if","locations":[{"start":{"line":391,"column":8},"end":{"line":394,"column":9}},{"start":{},"end":{}}],"line":391},"50":{"loc":{"start":{"line":405,"column":29},"end":{"line":405,"column":91}},"type":"binary-expr","locations":[{"start":{"line":405,"column":29},"end":{"line":405,"column":55}},{"start":{"line":405,"column":59},"end":{"line":405,"column":91}}],"line":405},"51":{"loc":{"start":{"line":407,"column":8},"end":{"line":441,"column":9}},"type":"if","locations":[{"start":{"line":407,"column":8},"end":{"line":441,"column":9}},{"start":{},"end":{}}],"line":407},"52":{"loc":{"start":{"line":416,"column":12},"end":{"line":437,"column":13}},"type":"if","locations":[{"start":{"line":416,"column":12},"end":{"line":437,"column":13}},{"start":{},"end":{}}],"line":416},"53":{"loc":{"start":{"line":431,"column":14},"end":{"line":436,"column":15}},"type":"if","locations":[{"start":{"line":431,"column":14},"end":{"line":436,"column":15}},{"start":{"line":433,"column":21},"end":{"line":436,"column":15}}],"line":431},"54":{"loc":{"start":{"line":444,"column":8},"end":{"line":476,"column":9}},"type":"if","locations":[{"start":{"line":444,"column":8},"end":{"line":476,"column":9}},{"start":{},"end":{}}],"line":444},"55":{"loc":{"start":{"line":448,"column":10},"end":{"line":475,"column":11}},"type":"if","locations":[{"start":{"line":448,"column":10},"end":{"line":475,"column":11}},{"start":{},"end":{}}],"line":448},"56":{"loc":{"start":{"line":452,"column":12},"end":{"line":467,"column":13}},"type":"if","locations":[{"start":{"line":452,"column":12},"end":{"line":467,"column":13}},{"start":{"line":457,"column":19},"end":{"line":467,"column":13}}],"line":452},"57":{"loc":{"start":{"line":479,"column":8},"end":{"line":522,"column":9}},"type":"if","locations":[{"start":{"line":479,"column":8},"end":{"line":522,"column":9}},{"start":{},"end":{}}],"line":479},"58":{"loc":{"start":{"line":494,"column":10},"end":{"line":521,"column":11}},"type":"if","locations":[{"start":{"line":494,"column":10},"end":{"line":521,"column":11}},{"start":{},"end":{}}],"line":494},"59":{"loc":{"start":{"line":496,"column":34},"end":{"line":496,"column":127}},"type":"cond-expr","locations":[{"start":{"line":496,"column":70},"end":{"line":496,"column":95}},{"start":{"line":496,"column":98},"end":{"line":496,"column":127}}],"line":496},"60":{"loc":{"start":{"line":498,"column":12},"end":{"line":513,"column":13}},"type":"if","locations":[{"start":{"line":498,"column":12},"end":{"line":513,"column":13}},{"start":{"line":503,"column":19},"end":{"line":513,"column":13}}],"line":498},"61":{"loc":{"start":{"line":533,"column":10},"end":{"line":538,"column":11}},"type":"if","locations":[{"start":{"line":533,"column":10},"end":{"line":538,"column":11}},{"start":{"line":535,"column":17},"end":{"line":538,"column":11}}],"line":533},"62":{"loc":{"start":{"line":545,"column":10},"end":{"line":560,"column":11}},"type":"if","locations":[{"start":{"line":545,"column":10},"end":{"line":560,"column":11}},{"start":{"line":550,"column":17},"end":{"line":560,"column":11}}],"line":545},"63":{"loc":{"start":{"line":572,"column":10},"end":{"line":587,"column":11}},"type":"if","locations":[{"start":{"line":572,"column":10},"end":{"line":587,"column":11}},{"start":{"line":577,"column":17},"end":{"line":587,"column":11}}],"line":572},"64":{"loc":{"start":{"line":601,"column":6},"end":{"line":629,"column":7}},"type":"if","locations":[{"start":{"line":601,"column":6},"end":{"line":629,"column":7}},{"start":{"line":605,"column":13},"end":{"line":629,"column":7}}],"line":601},"65":{"loc":{"start":{"line":605,"column":13},"end":{"line":629,"column":7}},"type":"if","locations":[{"start":{"line":605,"column":13},"end":{"line":629,"column":7}},{"start":{"line":613,"column":13},"end":{"line":629,"column":7}}],"line":605},"66":{"loc":{"start":{"line":613,"column":13},"end":{"line":629,"column":7}},"type":"if","locations":[{"start":{"line":613,"column":13},"end":{"line":629,"column":7}},{"start":{"line":621,"column":13},"end":{"line":629,"column":7}}],"line":613},"67":{"loc":{"start":{"line":638,"column":4},"end":{"line":638,"column":54}},"type":"if","locations":[{"start":{"line":638,"column":4},"end":{"line":638,"column":54}},{"start":{},"end":{}}],"line":638},"68":{"loc":{"start":{"line":641,"column":4},"end":{"line":658,"column":5}},"type":"if","locations":[{"start":{"line":641,"column":4},"end":{"line":658,"column":5}},{"start":{},"end":{}}],"line":641},"69":{"loc":{"start":{"line":650,"column":6},"end":{"line":652,"column":7}},"type":"if","locations":[{"start":{"line":650,"column":6},"end":{"line":652,"column":7}},{"start":{},"end":{}}],"line":650},"70":{"loc":{"start":{"line":661,"column":22},"end":{"line":661,"column":55}},"type":"binary-expr","locations":[{"start":{"line":661,"column":22},"end":{"line":661,"column":47}},{"start":{"line":661,"column":51},"end":{"line":661,"column":55}}],"line":661},"71":{"loc":{"start":{"line":670,"column":9},"end":{"line":670,"column":32}},"type":"cond-expr","locations":[{"start":{"line":670,"column":17},"end":{"line":670,"column":25}},{"start":{"line":670,"column":28},"end":{"line":670,"column":32}}],"line":670},"72":{"loc":{"start":{"line":678,"column":8},"end":{"line":680,"column":31}},"type":"cond-expr","locations":[{"start":{"line":679,"column":12},"end":{"line":679,"column":72}},{"start":{"line":680,"column":12},"end":{"line":680,"column":31}}],"line":678},"73":{"loc":{"start":{"line":680,"column":19},"end":{"line":680,"column":30}},"type":"binary-expr","locations":[{"start":{"line":680,"column":19},"end":{"line":680,"column":24}},{"start":{"line":680,"column":28},"end":{"line":680,"column":30}}],"line":680},"74":{"loc":{"start":{"line":682,"column":24},"end":{"line":682,"column":68}},"type":"cond-expr","locations":[{"start":{"line":682,"column":32},"end":{"line":682,"column":61}},{"start":{"line":682,"column":64},"end":{"line":682,"column":68}}],"line":682},"75":{"loc":{"start":{"line":683,"column":26},"end":{"line":683,"column":75}},"type":"binary-expr","locations":[{"start":{"line":683,"column":26},"end":{"line":683,"column":39}},{"start":{"line":683,"column":43},"end":{"line":683,"column":54}},{"start":{"line":683,"column":58},"end":{"line":683,"column":75}}],"line":683},"76":{"loc":{"start":{"line":684,"column":23},"end":{"line":684,"column":98}},"type":"binary-expr","locations":[{"start":{"line":684,"column":23},"end":{"line":684,"column":38}},{"start":{"line":684,"column":42},"end":{"line":684,"column":62}},{"start":{"line":684,"column":66},"end":{"line":684,"column":80}},{"start":{"line":684,"column":84},"end":{"line":684,"column":98}}],"line":684},"77":{"loc":{"start":{"line":705,"column":62},"end":{"line":705,"column":74}},"type":"default-arg","locations":[{"start":{"line":705,"column":72},"end":{"line":705,"column":74}}],"line":705},"78":{"loc":{"start":{"line":709,"column":24},"end":{"line":709,"column":40}},"type":"binary-expr","locations":[{"start":{"line":709,"column":24},"end":{"line":709,"column":34}},{"start":{"line":709,"column":38},"end":{"line":709,"column":40}}],"line":709},"79":{"loc":{"start":{"line":712,"column":6},"end":{"line":716,"column":7}},"type":"if","locations":[{"start":{"line":712,"column":6},"end":{"line":716,"column":7}},{"start":{},"end":{}}],"line":712},"80":{"loc":{"start":{"line":712,"column":10},"end":{"line":712,"column":61}},"type":"binary-expr","locations":[{"start":{"line":712,"column":10},"end":{"line":712,"column":30}},{"start":{"line":712,"column":34},"end":{"line":712,"column":61}}],"line":712},"81":{"loc":{"start":{"line":713,"column":8},"end":{"line":715,"column":9}},"type":"if","locations":[{"start":{"line":713,"column":8},"end":{"line":715,"column":9}},{"start":{},"end":{}}],"line":713},"82":{"loc":{"start":{"line":719,"column":4},"end":{"line":721,"column":5}},"type":"if","locations":[{"start":{"line":719,"column":4},"end":{"line":721,"column":5}},{"start":{},"end":{}}],"line":719},"83":{"loc":{"start":{"line":719,"column":8},"end":{"line":719,"column":51}},"type":"binary-expr","locations":[{"start":{"line":719,"column":8},"end":{"line":719,"column":18}},{"start":{"line":719,"column":22},"end":{"line":719,"column":51}}],"line":719},"84":{"loc":{"start":{"line":722,"column":4},"end":{"line":737,"column":5}},"type":"if","locations":[{"start":{"line":722,"column":4},"end":{"line":737,"column":5}},{"start":{},"end":{}}],"line":722},"85":{"loc":{"start":{"line":724,"column":8},"end":{"line":735,"column":9}},"type":"if","locations":[{"start":{"line":724,"column":8},"end":{"line":735,"column":9}},{"start":{"line":733,"column":15},"end":{"line":735,"column":9}}],"line":724},"86":{"loc":{"start":{"line":724,"column":12},"end":{"line":724,"column":74}},"type":"binary-expr","locations":[{"start":{"line":724,"column":12},"end":{"line":724,"column":30}},{"start":{"line":724,"column":34},"end":{"line":724,"column":52}},{"start":{"line":724,"column":56},"end":{"line":724,"column":74}}],"line":724},"87":{"loc":{"start":{"line":727,"column":12},"end":{"line":729,"column":13}},"type":"if","locations":[{"start":{"line":727,"column":12},"end":{"line":729,"column":13}},{"start":{},"end":{}}],"line":727},"88":{"loc":{"start":{"line":727,"column":16},"end":{"line":727,"column":56}},"type":"binary-expr","locations":[{"start":{"line":727,"column":16},"end":{"line":727,"column":25}},{"start":{"line":727,"column":29},"end":{"line":727,"column":56}}],"line":727},"89":{"loc":{"start":{"line":740,"column":4},"end":{"line":750,"column":5}},"type":"if","locations":[{"start":{"line":740,"column":4},"end":{"line":750,"column":5}},{"start":{},"end":{}}],"line":740},"90":{"loc":{"start":{"line":742,"column":8},"end":{"line":748,"column":9}},"type":"if","locations":[{"start":{"line":742,"column":8},"end":{"line":748,"column":9}},{"start":{},"end":{}}],"line":742},"91":{"loc":{"start":{"line":742,"column":12},"end":{"line":742,"column":52}},"type":"binary-expr","locations":[{"start":{"line":742,"column":12},"end":{"line":742,"column":30}},{"start":{"line":742,"column":34},"end":{"line":742,"column":52}}],"line":742},"92":{"loc":{"start":{"line":781,"column":23},"end":{"line":781,"column":40}},"type":"binary-expr","locations":[{"start":{"line":781,"column":23},"end":{"line":781,"column":34}},{"start":{"line":781,"column":38},"end":{"line":781,"column":40}}],"line":781},"93":{"loc":{"start":{"line":782,"column":6},"end":{"line":791,"column":7}},"type":"if","locations":[{"start":{"line":782,"column":6},"end":{"line":791,"column":7}},{"start":{},"end":{}}],"line":782},"94":{"loc":{"start":{"line":782,"column":10},"end":{"line":782,"column":42}},"type":"binary-expr","locations":[{"start":{"line":782,"column":10},"end":{"line":782,"column":21}},{"start":{"line":782,"column":25},"end":{"line":782,"column":42}}],"line":782},"95":{"loc":{"start":{"line":785,"column":22},"end":{"line":785,"column":34}},"type":"binary-expr","locations":[{"start":{"line":785,"column":22},"end":{"line":785,"column":28}},{"start":{"line":785,"column":32},"end":{"line":785,"column":34}}],"line":785},"96":{"loc":{"start":{"line":795,"column":6},"end":{"line":804,"column":7}},"type":"if","locations":[{"start":{"line":795,"column":6},"end":{"line":804,"column":7}},{"start":{},"end":{}}],"line":795},"97":{"loc":{"start":{"line":815,"column":6},"end":{"line":841,"column":7}},"type":"if","locations":[{"start":{"line":815,"column":6},"end":{"line":841,"column":7}},{"start":{},"end":{}}],"line":815},"98":{"loc":{"start":{"line":821,"column":27},"end":{"line":821,"column":54}},"type":"binary-expr","locations":[{"start":{"line":821,"column":27},"end":{"line":821,"column":40}},{"start":{"line":821,"column":44},"end":{"line":821,"column":54}}],"line":821},"99":{"loc":{"start":{"line":822,"column":25},"end":{"line":822,"column":52}},"type":"binary-expr","lo
[...]
ne":196,"column":21},"end":{"line":196,"column":23}},"37":{"start":{"line":200,"column":4},"end":{"line":203,"column":5}},"38":{"start":{"line":201,"column":8},"end":{"line":201,"column":39}},"39":{"start":{"line":202,"column":8},"end":{"line":202,"column":99}},"40":{"start":{"line":206,"column":4},"end":{"line":209,"column":5}},"41":{"start":{"line":207,"column":8},"end":{"line":207,"column":39}},"42":{"start":{"line":208,"column":8},"end":{"line":208,"column":99}},"43":{"start":{"line":213,"column":4},"end":{"line":227,"column":5}},"44":{"start":{"line":214,"column":8},"end":{"line":214,"column":40}},"45":{"start":{"line":215,"column":8},"end":{"line":215,"column":58}},"46":{"start":{"line":220,"column":24},"end":{"line":220,"column":60}},"47":{"start":{"line":221,"column":31},"end":{"line":221,"column":121}},"48":{"start":{"line":223,"column":8},"end":{"line":226,"column":9}},"49":{"start":{"line":223,"column":38},"end":{"line":223,"column":58}},"50":{"start":{"line":224,"column":12},"end":{"line":224,"column":42}},"51":{"start":{"line":225,"column":12},"end":{"line":225,"column":100}},"52":{"start":{"line":231,"column":4},"end":{"line":239,"column":5}},"53":{"start":{"line":232,"column":8},"end":{"line":238,"column":9}},"54":{"start":{"line":233,"column":12},"end":{"line":237,"column":13}},"55":{"start":{"line":235,"column":16},"end":{"line":235,"column":38}},"56":{"start":{"line":236,"column":16},"end":{"line":236,"column":73}},"57":{"start":{"line":241,"column":4},"end":{"line":241,"column":20}},"58":{"start":{"line":255,"column":4},"end":{"line":268,"column":6}},"59":{"start":{"line":280,"column":4},"end":{"line":290,"column":5}},"60":{"start":{"line":281,"column":20},"end":{"line":281,"column":77}},"61":{"start":{"line":282,"column":8},"end":{"line":289,"column":9}},"62":{"start":{"line":283,"column":12},"end":{"line":283,"column":97}},"63":{"start":{"line":284,"column":12},"end":{"line":288,"column":14}},"64":{"start":{"line":291,"column":4},"end":{"line":291,"column":17}},"65":{"start":{"line":302,"column":4},"end":{"line":304,"column":5}},"66":{"start":{"line":303,"column":8},"end":{"line":303,"column":39}},"67":{"start":{"line":305,"column":20},"end":{"line":305,"column":46}},"68":{"start":{"line":306,"column":4},"end":{"line":306,"column":25}},"69":{"start":{"line":309,"column":4},"end":{"line":311,"column":5}},"70":{"start":{"line":310,"column":8},"end":{"line":310,"column":24}},"71":{"start":{"line":322,"column":20},"end":{"line":322,"column":52}},"72":{"start":{"line":324,"column":4},"end":{"line":324,"column":44}},"73":{"start":{"line":324,"column":30},"end":{"line":324,"column":44}},"74":{"start":{"line":326,"column":22},"end":{"line":326,"column":62}},"75":{"start":{"line":326,"column":42},"end":{"line":326,"column":54}},"76":{"start":{"line":327,"column":23},"end":{"line":327,"column":64}},"77":{"start":{"line":327,"column":43},"end":{"line":327,"column":56}},"78":{"start":{"line":330,"column":4},"end":{"line":330,"column":52}},"79":{"start":{"line":330,"column":38},"end":{"line":330,"column":52}},"80":{"start":{"line":331,"column":4},"end":{"line":331,"column":54}},"81":{"start":{"line":331,"column":39},"end":{"line":331,"column":54}},"82":{"start":{"line":334,"column":4},"end":{"line":334,"column":19}},"83":{"start":{"line":346,"column":4},"end":{"line":346,"column":37}},"84":{"start":{"line":346,"column":21},"end":{"line":346,"column":37}},"85":{"start":{"line":347,"column":4},"end":{"line":352,"column":5}},"86":{"start":{"line":348,"column":8},"end":{"line":348,"column":38}},"87":{"start":{"line":350,"column":8},"end":{"line":350,"column":65}},"88":{"start":{"line":351,"column":8},"end":{"line":351,"column":24}},"89":{"start":{"line":381,"column":18},"end":{"line":381,"column":47}},"90":{"start":{"line":382,"column":20},"end":{"line":382,"column":88}},"91":{"start":{"line":385,"column":18},"end":{"line":385,"column":62}},"92":{"start":{"line":386,"column":22},"end":{"line":386,"column":50}},"93":{"start":{"line":389,"column":22},"end":{"line":395,"column":5}},"94":{"start":{"line":398,"column":26},"end":{"line":398,"column":72}},"95":{"start":{"line":398,"column":49},"end":{"line":398,"column":71}},"96":{"start":{"line":400,"column":4},"end":{"line":408,"column":5}},"97":{"start":{"line":402,"column":8},"end":{"line":402,"column":43}},"98":{"start":{"line":403,"column":8},"end":{"line":403,"column":73}},"99":{"start":{"line":406,"column":8},"end":{"line":406,"column":32}},"100":{"start":{"line":407,"column":8},"end":{"line":407,"column":71}},"101":{"start":{"line":411,"column":4},"end":{"line":411,"column":67}},"102":{"start":{"line":422,"column":18},"end":{"line":422,"column":47}},"103":{"start":{"line":423,"column":20},"end":{"line":423,"column":83}},"104":{"start":{"line":425,"column":16},"end":{"line":425,"column":26}},"105":{"start":{"line":426,"column":26},"end":{"line":429,"column":6}},"106":{"start":{"line":427,"column":8},"end":{"line":427,"column":38}},"107":{"start":{"line":427,"column":26},"end":{"line":427,"column":38}},"108":{"start":{"line":428,"column":8},"end":{"line":428,"column":53}},"109":{"start":{"line":432,"column":4},"end":{"line":435,"column":5}},"110":{"start":{"line":433,"column":8},"end":{"line":433,"column":107}},"111":{"start":{"line":434,"column":8},"end":{"line":434,"column":76}},"112":{"start":{"line":437,"column":4},"end":{"line":437,"column":25}},"113":{"start":{"line":448,"column":18},"end":{"line":448,"column":47}},"114":{"start":{"line":449,"column":20},"end":{"line":449,"column":83}},"115":{"start":{"line":451,"column":28},"end":{"line":451,"column":70}},"116":{"start":{"line":451,"column":48},"end":{"line":451,"column":69}},"117":{"start":{"line":453,"column":4},"end":{"line":456,"column":5}},"118":{"start":{"line":454,"column":8},"end":{"line":454,"column":72}},"119":{"start":{"line":455,"column":8},"end":{"line":455,"column":79}},"120":{"start":{"line":458,"column":4},"end":{"line":458,"column":17}},"121":{"start":{"line":465,"column":0},"end":{"line":475,"column":2}}},"fnMap":{"0":{"name":"getServerState","decl":{"start":{"line":63,"column":15},"end":{"line":63,"column":29}},"loc":{"start":{"line":63,"column":39},"end":{"line":111,"column":1}},"line":63},"1":{"name":"updateServerState","decl":{"start":{"line":121,"column":15},"end":{"line":121,"column":32}},"loc":{"start":{"line":121,"column":51},"end":{"line":186,"column":1}},"line":121},"2":{"name":"checkTriggers","decl":{"start":{"line":195,"column":9},"end":{"line":195,"column":22}},"loc":{"start":{"line":195,"column":30},"end":{"line":242,"column":1}},"line":195},"3":{"name":"(anonymous_3)","decl":{"start":{"line":223,"column":32},"end":{"line":223,"column":33}},"loc":{"start":{"line":223,"column":38},"end":{"line":223,"column":58}},"line":223},"4":{"name":"getDefaultState","decl":{"start":{"line":254,"column":9},"end":{"line":254,"column":24}},"loc":{"start":{"line":254,"column":34},"end":{"line":269,"column":1}},"line":254},"5":{"name":"applyVoiceExpiration","decl":{"start":{"line":279,"column":9},"end":{"line":279,"column":29}},"loc":{"start":{"line":279,"column":37},"end":{"line":292,"column":1}},"line":279},"6":{"name":"trackSourceHistory","decl":{"start":{"line":301,"column":9},"end":{"line":301,"column":27}},"loc":{"start":{"line":301,"column":45},"end":{"line":312,"column":1}},"line":301},"7":{"name":"computeDominantSignal","decl":{"start":{"line":321,"column":9},"end":{"line":321,"column":30}},"loc":{"start":{"line":321,"column":40},"end":{"line":335,"column":1}},"line":321},"8":{"name":"(anonymous_8)","decl":{"start":{"line":326,"column":37},"end":{"line":326,"column":38}},"loc":{"start":{"line":326,"column":42},"end":{"line":326,"column":54}},"line":326},"9":{"name":"(anonymous_9)","decl":{"start":{"line":327,"column":38},"end":{"line":327,"column":39}},"loc":{"start":{"line":327,"column":43},"end":{"line":327,"column":56}},"line":327},"10":{"name":"safeJsonParse","decl":{"start":{"line":345,"column":9},"end":{"line":345,"column":22}},"loc":{"start":{"line":345,"column":45},"end":{"line":353,"column":1}},"line":345},"11":{"name":"setContextMarker","decl":{"start":{"line":380,"column":15},"end":{"line":380,"column":31}},"loc":{"start":{"line":380,"column":49},"end":{"line":412,"column":1}},"line":380},"12":{"name":"(anonymous_12)","decl":{"start":{"line":398,"column":44},"end":{"line":398,"column":45}},"loc":{"start":{"line":398,"column":49},"end":{"line":398,"column":71}},"line":398},"13":{"name":"getActiveContextMarkers","decl":{"start":{"line":421,"column":15},"end":{"line":421,"column":38}},"loc":{"start":{"line":421,"column":48},"end":{"line":438,"column":1}},"line":421},"14":{"name":"(anonymous_14)","decl":{"start":{"line":426,"column":41},"end":{"line":426,"column":42}},"loc":{"start":{"line":426,"column":46},"end":{"line":429,"column":5}},"line":426},"15":{"name":"clearContextMarker","decl":{"start":{"line":447,"column":15},"end":{"line":447,"column":33}},"loc":{"start":{"line":447,"column":55},"end":{"line":459,"column":1}},"line":447},"16":{"name":"(anonymous_16)","decl":{"start":{"line":451,"column":43},"end":{"line":451,"column":44}},"loc":{"start":{"line":451,"column":48},"end":{"line":451,"column":69}},"line":451}},"branchMap":{"0":{"loc":{"start":{"line":66,"column":4},"end":{"line":69,"column":5}},"type":"if","locations":[{"start":{"line":66,"column":4},"end":{"line":69,"column":5}},{"start":{},"end":{}}],"line":66},"1":{"loc":{"start":{"line":66,"column":8},"end":{"line":66,"column":62}},"type":"binary-expr","locations":[{"start":{"line":66,"column":8},"end":{"line":66,"column":14}},{"start":{"line":66,"column":18},"end":{"line":66,"column":62}}],"line":66},"2":{"loc":{"start":{"line":80,"column":8},"end":{"line":83,"column":9}},"type":"if","locations":[{"start":{"line":80,"column":8},"end":{"line":83,"column":9}},{"start":{},"end":{}}],"line":80},"3":{"loc":{"start":{"line":89,"column":23},"end":{"line":89,"column":42}},"type":"binary-expr","locations":[{"start":{"line":89,"column":23},"end":{"line":89,"column":37}},{"start":{"line":89,"column":41},"end":{"line":89,"column":42}}],"line":89},"4":{"loc":{"start":{"line":90,"column":23},"end":{"line":90,"column":49}},"type":"binary-expr","locations":[{"start":{"line":90,"column":23},"end":{"line":90,"column":37}},{"start":{"line":90,"column":41},"end":{"line":90,"column":49}}],"line":90},"5":{"loc":{"start":{"line":94,"column":30},"end":{"line":94,"column":60}},"type":"binary-expr","locations":[{"start":{"line":94,"column":30},"end":{"line":94,"column":52}},{"start":{"line":94,"column":56},"end":{"line":94,"column":60}}],"line":94},"6":{"loc":{"start":{"line":95,"column":32},"end":{"line":95,"column":100}},"type":"cond-expr","locations":[{"start":{"line":95,"column":59},"end":{"line":95,"column":93}},{"start":{"line":95,"column":96},"end":{"line":95,"column":100}}],"line":95},"7":{"loc":{"start":{"line":96,"column":20},"end":{"line":96,"column":40}},"type":"binary-expr","locations":[{"start":{"line":96,"column":20},"end":{"line":96,"column":30}},{"start":{"line":96,"column":34},"end":{"line":96,"column":40}}],"line":96},"8":{"loc":{"start":{"line":97,"column":28},"end":{"line":97,"column":57}},"type":"binary-expr","locations":[{"start":{"line":97,"column":28},"end":{"line":97,"column":47}},{"start":{"line":97,"column":51},"end":{"line":97,"column":57}}],"line":97},"9":{"loc":{"start":{"line":98,"column":24},"end":{"line":98,"column":43}},"type":"binary-expr","locations":[{"start":{"line":98,"column":24},"end":{"line":98,"column":38}},{"start":{"line":98,"column":42},"end":{"line":98,"column":43}}],"line":98},"10":{"loc":{"start":{"line":99,"column":25},"end":{"line":99,"column":79}},"type":"cond-expr","locations":[{"start":{"line":99,"column":42},"end":{"line":99,"column":66}},{"start":{"line":99,"column":69},"end":{"line":99,"column":79}}],"line":99},"11":{"loc":{"start":{"line":128,"column":4},"end":{"line":130,"column":5}},"type":"if","locations":[{"start":{"line":128,"column":4},"end":{"line":130,"column":5}},{"start":{},"end":{}}],"line":128},"12":{"loc":{"start":{"line":168,"column":31},"end":{"line":168,"column":60}},"type":"binary-expr","locations":[{"start":{"line":168,"column":31},"end":{"line":168,"column":54}},{"start":{"line":168,"column":58},"end":{"line":168,"column":60}}],"line":168},"13":{"loc":{"start":{"line":200,"column":4},"end":{"line":203,"column":5}},"type":"if","locations":[{"start":{"line":200,"column":4},"end":{"line":203,"column":5}},{"start":{},"end":{}}],"line":200},"14":{"loc":{"start":{"line":206,"column":4},"end":{"line":209,"column":5}},"type":"if","locations":[{"start":{"line":206,"column":4},"end":{"line":209,"column":5}},{"start":{},"end":{}}],"line":206},"15":{"loc":{"start":{"line":213,"column":4},"end":{"line":227,"column":5}},"type":"if","locations":[{"start":{"line":213,"column":4},"end":{"line":227,"column":5}},{"start":{},"end":{}}],"line":213},"16":{"loc":{"start":{"line":223,"column":8},"end":{"line":226,"column":9}},"type":"if","locations":[{"start":{"line":223,"column":8},"end":{"line":226,"column":9}},{"start":{},"end":{}}],"line":223},"17":{"loc":{"start":{"line":231,"column":4},"end":{"line":239,"column":5}},"type":"if","locations":[{"start":{"line":231,"column":4},"end":{"line":239,"column":5}},{"start":{},"end":{}}],"line":231},"18":{"loc":{"start":{"line":231,"column":8},"end":{"line":231,"column":63}},"type":"binary-expr","locations":[{"start":{"line":231,"column":8},"end":{"line":231,"column":26}},{"start":{"line":231,"column":30},"end":{"line":231,"column":63}}],"line":231},"19":{"loc":{"start":{"line":233,"column":12},"end":{"line":237,"column":13}},"type":"if","locations":[{"start":{"line":233,"column":12},"end":{"line":237,"column":13}},{"start":{},"end":{}}],"line":233},"20":{"loc":{"start":{"line":233,"column":16},"end":{"line":233,"column":91}},"type":"binary-expr","locations":[{"start":{"line":233,"column":17},"end":{"line":233,"column":38}},{"start":{"line":233,"column":42},"end":{"line":233,"column":67}},{"start":{"line":233,"column":72},"end":{"line":233,"column":91}}],"line":233},"21":{"loc":{"start":{"line":280,"column":4},"end":{"line":290,"column":5}},"type":"if","locations":[{"start":{"line":280,"column":4},"end":{"line":290,"column":5}},{"start":{},"end":{}}],"line":280},"22":{"loc":{"start":{"line":282,"column":8},"end":{"line":289,"column":9}},"type":"if","locations":[{"start":{"line":282,"column":8},"end":{"line":289,"column":9}},{"start":{},"end":{}}],"line":282},"23":{"loc":{"start":{"line":302,"column":4},"end":{"line":304,"column":5}},"type":"if","locations":[{"start":{"line":302,"column":4},"end":{"line":304,"column":5}},{"start":{},"end":{}}],"line":302},"24":{"loc":{"start":{"line":309,"column":4},"end":{"line":311,"column":5}},"type":"if","locations":[{"start":{"line":309,"column":4},"end":{"line":311,"column":5}},{"start":{},"end":{}}],"line":309},"25":{"loc":{"start":{"line":322,"column":20},"end":{"line":322,"column":52}},"type":"binary-expr","locations":[{"start":{"line":322,"column":20},"end":{"line":322,"column":46}},{"start":{"line":322,"column":50},"end":{"line":322,"column":52}}],"line":322},"26":{"loc":{"start":{"line":324,"column":4},"end":{"line":324,"column":44}},"type":"if","locations":[{"start":{"line":324,"column":4},"end":{"line":324,"column":44}},{"start":{},"end":{}}],"line":324},"27":{"loc":{"start":{"line":330,"column":4},"end":{"line":330,"column":52}},"type":"if","locations":[{"start":{"line":330,"column":4},"end":{"line":330,"column":52}},{"start":{},"end":{}}],"line":330},"28":{"loc":{"start":{"line":331,"column":4},"end":{"line":331,"column":54}},"type":"if","locations":[{"start":{"line":331,"column":4},"end":{"line":331,"column":54}},{"start":{},"end":{}}],"line":331},"29":{"loc":{"start":{"line":346,"column":4},"end":{"line":346,"column":37}},"type":"if","locations":[{"start":{"line":346,"column":4},"end":{"line":346,"column":37}},{"start":{},"end":{}}],"line":346},"30":{"loc":{"start":{"line":382,"column":20},"end":{"line":382,"column":88}},"type":"cond-expr","locations":[{"start":{"line":382,"column":58},"end":{"line":382,"column":83}},{"start":{"line":382,"column":86},"end":{"line":382,"column":88}}],"line":382},"31":{"loc":{"start":{"line":385,"column":18},"end":{"line":385,"column":62}},"type":"binary-expr","locations":[{"start":{"line":385,"column":18},"end":{"line":385,"column":30}},{"start":{"line":385,"column":34},"end":{"line":385,"column":62}}],"line":385},"32":{"loc":{"start":{"line":391,"column":20},"end":{"line":391,"column":44}},"type":"binary-expr","locations":[{"start":{"line":391,"column":20},"end":{"line":391,"column":37}},{"start":{"line":391,"column":41},"end":{"line":391,"column":44}}],"line":391},"33":{"loc":{"start":{"line":392,"column":15},"end":{"line":392,"column":35}},"type":"binary-expr","locations":[{"start":{"line":392,"column":15},"end":{"line":392,"column":27}},{"start":{"line":392,"column":31},"end":{"line":392,"column":35}}],"line":392},"34":{"loc":{"start":{"line":400,"column":4},"end":{"line":408,"column":5}},"type":"if","locations":[{"start":{"line":400,"column":4},"end":{"line":408,"column":5}},{"start":{"line":404,"column":11},"end":{"line":408,"column":5}}],"line":400},"35":{"loc":{"start":{"line":423,"column":20},"end":{"line":423,"column":83}},"type":"cond-expr","locations":[{"start":{"line":423,"column":58},"end":{"line":423,"column":78}},{"start":{"line":423,"column":81},"end":{"line":423,"column":83}}],"line":423},"36":{"loc":{"start":{"line":427,"column":8},"end":{"line":427,"column":38}},"type":"if","locations":[{"start":{"line":427,"column":8},"end":{"line":427,"column":38}},{"start":{},"end":{}}],"line":427},"37":{"loc":{"start":{"line":432,"column":4},"end":{"line":435,"column":5}},"type":"if","locations":[{"start":{"line":432,"column":4},"end":{"line":435,"column":5}},{"start":{},"end":{}}],"line":432},"38":{"loc":{"start":{"line":449,"column":20},"end":{"line":449,"column":83}},"type":"cond-expr","locations":[{"start":{"line":449,"column":58},"end":{"line":449,"column":78}},{"start":{"line":449,"column":81},"end":{"line":449,"column":83}}],"line":449},"39":{"loc":{"start":{"line":453,"column":4},"end":{"line":456,"column":5}},"type":"if","locations":[{"start":{"line":453,"column":4},"end":{"line":456,"column":5}},{"start":{},"end":{}}],"line":453}},"s":{"0":1,"1":1,"2":1,"3":1,"4":1,"5":1,"6":1,"7":1,"8":41,"9":41,"10":6,"11":6,"12":35,"13":35,"14":35,"15":35,"16":21,"17":21,"18":14,"19":14,"20":14,"21":14,"22":35,"23":22,"24":22,"25":22,"26":14,"27":22,"28":22,"29":22,"30":22,"31":22,"32":22,"33":22,"34":22,"35":22,"36":28,"37":28,"38":4,"39":4,"40":28,"41":2,"42":2,"43":28,"44":12,"45":12,"46":12,"47":12,"48":12,"49":51,"50":10,"51":10,"52":28,"53":26,"54":6,"55":4,"56":4,"57":28,"58":21,"59":20,"60":3,"61":3,"62":1,"63":1,"64":19,"65":14,"66":5,"67":14,"68":14,"69":14,"70":1,"71":22,"72":22,"73":8,"74":14,"75":28,"76":14,"77":28,"78":14,"79":8,"80":6,"81":3,"82":3,"83":42,"84":12,"85":30,"86":30,"87":1,"88":1,"89":4,"90":4,"91":4,"92":4,"93":4,"94":4,"95":1,"96":4,"97":1,"98":1,"99":3,"100":3,"101":4,"102":3,"103":3,"104":3,"105":3,"106":4,"107":1,"108":3,"109":3,"110":2,"111":2,"112":3,"113":2,"114":2,"115":2,"116":3,"117":2,"118":1,"119":1,"120":1,"121":1},"f":{"0":41,"1":22,"2":28,"3":51,"4":21,"5":20,"6":14,"7":22,"8":28,"9":28,"10":42,"11":4,"12":1,"13":3,"14":4,"15":2,"16":3},"b":{"0":[6,35],"1":[41,6],"2":[21,14],"3":[14,10],"4":[14,2],"5":[14,11],"6":[3,11],"7":[14,2],"8":[14,2],"9":[14,2],"10":[12,2],"11":[14,8],"12":[22,0],"13":[4,24],"14":[2,26],"15":[12,16],"16":[10,2],"17":[26,2],"18":[28,26],"19":[4,2],"20":[6,2,5],"21":[3,17],"22":[1,2],"23":[5,9],"24":[1,13],"25":[22,8],"26":[8,14],"27":[8,6],"28":[3,3],"29":[12,30],"30":[4,0],"31":[4,3],"32":[4,2],"33":[4,3],"34":[1,3],"35":[3,0],"36":[1,3],"37":[2,1],"38":[2,0],"39":[1,1]},"_coverageSchema":"1a1c01bbd47fc00a2c39e90264f33305004495a9","hash":"02f117479f0430663fedb1f69c200ab330f8f331"}
}
