TN:
SF:core/analyzer.js
FN:39,analyzeGuild
FN:80,(anonymous_1)
FN:81,(anonymous_2)
FN:179,(anonymous_3)
FN:184,(anonymous_4)
FN:195,(anonymous_5)
FN:230,(anonymous_6)
FN:298,updateDatabase
FN:344,(anonymous_8)
FNF:9
FNH:9
FNDA:32,analyzeGuild
FNDA:1,(anonymous_1)
FNDA:56,(anonymous_2)
FNDA:2,(anonymous_3)
FNDA:51,(anonymous_4)
FNDA:12,(anonymous_5)
FNDA:55,(anonymous_6)
FNDA:31,updateDatabase
FNDA:56,(anonymous_8)
DA:4,1
DA:5,1
DA:6,1
DA:7,1
DA:10,1
DA:42,32
DA:44,32
DA:46,32
DA:52,32
DA:53,32
DA:54,32
DA:57,32
DA:63,32
DA:64,1
DA:65,1
DA:68,31
DA:72,31
DA:77,31
DA:80,31
DA:81,56
DA:83,31
DA:92,31
DA:93,31
DA:95,31
DA:106,31
DA:108,31
DA:109,1
DA:110,1
DA:112,30
DA:115,1
DA:116,1
DA:119,31
DA:134,31
DA:135,3
DA:138,31
DA:141,31
DA:144,30
DA:146,30
DA:149,30
DA:150,30
DA:151,30
DA:155,30
DA:156,30
DA:157,30
DA:159,30
DA:163,30
DA:164,30
DA:165,55
DA:166,55
DA:169,30
DA:170,30
DA:171,30
DA:172,30
DA:173,31
DA:174,30
DA:176,30
DA:177,2
DA:179,2
DA:180,2
DA:182,28
DA:184,51
DA:185,28
DA:192,30
DA:195,12
DA:204,28
DA:206,28
DA:209,28
DA:210,3
DA:213,3
DA:214,3
DA:215,3
DA:218,2
DA:224,2
DA:230,55
DA:234,30
DA:235,30
DA:238,30
DA:242,30
DA:245,30
DA:246,30
DA:249,30
DA:251,1
DA:252,1
DA:256,30
DA:258,30
DA:269,30
DA:287,30
DA:288,30
DA:291,1
DA:293,32
DA:301,31
DA:302,31
DA:306,31
DA:309,31
DA:314,31
DA:315,31
DA:318,12
DA:321,12
DA:328,12
DA:335,12
DA:344,56
DA:347,31
DA:350,30
DA:351,30
DA:354,30
DA:355,1
DA:356,1
DA:362,30
DA:363,30
DA:375,30
DA:388,30
DA:408,30
DA:409,3
DA:412,4
DA:414,4
DA:428,30
DA:429,30
DA:432,30
DA:434,5
DA:436,5
DA:440,5
DA:444,30
DA:448,1
DA:449,1
DA:453,31
DA:457,1
LF:126
LH:126
BRDA:52,0,0,32
BRDA:52,0,1,30
BRDA:53,1,0,32
BRDA:53,1,1,0
BRDA:54,2,0,32
BRDA:54,2,1,0
BRDA:63,3,0,1
BRDA:63,3,1,31
BRDA:108,4,0,1
BRDA:108,4,1,30
BRDA:120,5,0,29
BRDA:120,5,1,2
BRDA:125,6,0,31
BRDA:125,6,1,3
BRDA:126,7,0,31
BRDA:126,7,1,3
BRDA:127,8,0,31
BRDA:127,8,1,3
BRDA:130,9,0,29
BRDA:130,9,1,2
BRDA:134,10,0,3
BRDA:134,10,1,28
BRDA:150,11,0,30
BRDA:150,11,1,27
BRDA:156,12,0,5
BRDA:156,12,1,25
BRDA:157,13,0,7
BRDA:157,13,1,23
BRDA:165,14,0,55
BRDA:165,14,1,5
BRDA:166,15,0,55
BRDA:166,15,1,31
BRDA:173,16,0,30
BRDA:173,16,1,1
BRDA:176,17,0,2
BRDA:176,17,1,28
BRDA:180,18,0,2
BRDA:180,18,1,1
BRDA:185,19,0,28
BRDA:185,19,1,28
BRDA:196,20,0,30
BRDA:196,20,1,0
BRDA:209,21,0,3
BRDA:209,21,1,25
BRDA:249,22,0,1
BRDA:249,22,1,29
BRDA:249,23,0,30
BRDA:249,23,1,2
BRDA:283,24,0,30
BRDA:283,24,1,4
BRDA:314,25,0,31
BRDA:314,25,1,0
BRDA:321,26,0,12
BRDA:321,26,1,0
BRDA:354,27,0,1
BRDA:354,27,1,29
BRDA:362,28,0,30
BRDA:362,28,1,16
BRDA:363,29,0,1
BRDA:363,29,1,29
BRDA:393,30,0,30
BRDA:393,30,1,16
BRDA:394,31,0,30
BRDA:394,31,1,22
BRDA:395,32,0,30
BRDA:395,32,1,0
BRDA:401,33,0,30
BRDA:401,33,1,16
BRDA:402,34,0,30
BRDA:402,34,1,22
BRDA:408,35,0,3
BRDA:408,35,1,27
BRDA:408,36,0,30
BRDA:408,36,1,30
BRDA:412,37,0,0
BRDA:412,37,1,4
BRDA:420,38,0,4
BRDA:420,38,1,0
BRDA:428,39,0,30
BRDA:428,39,1,16
BRDA:429,40,0,30
BRDA:429,40,1,22
BRDA:432,41,0,5
BRDA:432,41,1,25
BRDA:432,42,0,30
BRDA:432,42,1,25
BRDA:438,43,0,5
BRDA:438,43,1,0
BRF:88
BRH:79
end_of_record
TN:
SF:core/gemini-orchestrator.js
FN:37,(anonymous_0)
FN:47,(anonymous_1)
FN:58,shouldProvideContext
FN:100,runGeminiCore
FN:182,(anonymous_4)
FN:182,(anonymous_5)
FN:269,(anonymous_6)
FN:336,(anonymous_7)
FN:336,(anonymous_8)
FN:338,(anonymous_9)
FN:347,(anonymous_10)
FN:390,(anonymous_11)
FN:430,(anonymous_12)
FN:445,(anonymous_13)
FN:480,(anonymous_14)
FN:526,(anonymous_15)
FN:598,(anonymous_16)
FN:604,(anonymous_17)
FN:632,(anonymous_18)
FN:651,(anonymous_19)
FN:677,(anonymous_20)
FN:705,handleStreamingResponse
FN:714,(anonymous_22)
FN:723,(anonymous_23)
FN:741,(anonymous_24)
FN:758,scheduleMemoryMaintenance
FN:759,(anonymous_26)
FN:785,(anonymous_27)
FN:796,(anonymous_28)
FN:806,(anonymous_29)
FN:816,(anonymous_30)
FN:819,(anonymous_31)
FN:852,(anonymous_32)
FNF:33
FNH:0
FNDA:0,(anonymous_0)
FNDA:0,(anonymous_1)
FNDA:0,shouldProvideContext
FNDA:0,runGeminiCore
FNDA:0,(anonymous_4)
FNDA:0,(anonymous_5)
FNDA:0,(anonymous_6)
FNDA:0,(anonymous_7)
FNDA:0,(anonymous_8)
FNDA:0,(anonymous_9)
FNDA:0,(anonymous_10)
FNDA:0,(anonymous_11)
FNDA:0,(anonymous_12)
FNDA:0,(anonymous_13)
FNDA:0,(anonymous_14)
FNDA:0,(anonymous_15)
FNDA:0,(anonymous_16)
FNDA:0,(anonymous_17)
FNDA:0,(anonymous_18)
FNDA:0,(anonymous_19)
FNDA:0,(anonymous_20)
FNDA:0,handleStreamingResponse
FNDA:0,(anonymous_22)
FNDA:0,(anonymous_23)
FNDA:0,(anonymous_24)
FNDA:0,scheduleMemoryMaintenance
FNDA:0,(anonymous_26)
FNDA:0,(anonymous_27)
FNDA:0,(anonymous_28)
FNDA:0,(anonymous_29)
FNDA:0,(anonymous_30)
FNDA:0,(anonymous_31)
FNDA:0,(anonymous_32)
DA:5,0
DA:13,0
DA:14,0
DA:15,0
DA:16,0
DA:17,0
DA:18,0
DA:19,0
DA:25,0
DA:26,0
DA:27,0
DA:28,0
DA:31,0
DA:32,0
DA:33,0
DA:35,0
DA:37,0
DA:38,0
DA:39,0
DA:40,0
DA:41,0
DA:42,0
DA:44,0
DA:47,0
DA:48,0
DA:60,0
DA:61,0
DA:63,0
DA:64,0
DA:65,0
DA:70,0
DA:71,0
DA:73,0
DA:74,0
DA:75,0
DA:80,0
DA:81,0
DA:82,0
DA:87,0
DA:88,0
DA:89,0
DA:90,0
DA:93,0
DA:109,0
DA:110,0
DA:111,0
DA:112,0
DA:115,0
DA:116,0
DA:117,0
DA:119,0
DA:125,0
DA:126,0
DA:128,0
DA:130,0
DA:131,0
DA:132,0
DA:139,0
DA:143,0
DA:144,0
DA:145,0
DA:146,0
DA:147,0
DA:148,0
DA:149,0
DA:150,0
DA:152,0
DA:156,0
DA:158,0
DA:163,0
DA:164,0
DA:165,0
DA:166,0
DA:167,0
DA:168,0
DA:169,0
DA:171,0
DA:172,0
DA:175,0
DA:177,0
DA:181,0
DA:182,0
DA:184,0
DA:191,0
DA:192,0
DA:193,0
DA:194,0
DA:195,0
DA:196,0
DA:197,0
DA:199,0
DA:200,0
DA:201,0
DA:202,0
DA:204,0
DA:207,0
DA:208,0
DA:210,0
DA:215,0
DA:216,0
DA:217,0
DA:220,0
DA:221,0
DA:222,0
DA:223,0
DA:224,0
DA:226,0
DA:230,0
DA:237,0
DA:239,0
DA:240,0
DA:241,0
DA:242,0
DA:244,0
DA:245,0
DA:254,0
DA:264,0
DA:265,0
DA:266,0
DA:267,0
DA:268,0
DA:269,0
DA:271,0
DA:273,0
DA:277,0
DA:278,0
DA:279,0
DA:281,0
DA:285,0
DA:288,0
DA:292,0
DA:293,0
DA:294,0
DA:300,0
DA:303,0
DA:304,0
DA:306,0
DA:307,0
DA:310,0
DA:311,0
DA:312,0
DA:314,0
DA:316,0
DA:319,0
DA:320,0
DA:325,0
DA:326,0
DA:329,0
DA:330,0
DA:332,0
DA:333,0
DA:334,0
DA:336,0
DA:337,0
DA:338,0
DA:340,0
DA:343,0
DA:347,0
DA:348,0
DA:354,0
DA:355,0
DA:356,0
DA:358,0
DA:359,0
DA:360,0
DA:361,0
DA:363,0
DA:372,0
DA:376,0
DA:378,0
DA:379,0
DA:380,0
DA:384,0
DA:385,0
DA:386,0
DA:389,0
DA:390,0
DA:391,0
DA:393,0
DA:396,0
DA:397,0
DA:398,0
DA:400,0
DA:403,0
DA:404,0
DA:405,0
DA:407,0
DA:408,0
DA:409,0
DA:416,0
DA:417,0
DA:421,0
DA:423,0
DA:424,0
DA:426,0
DA:430,0
DA:431,0
DA:432,0
DA:435,0
DA:439,0
DA:444,0
DA:445,0
DA:446,0
DA:448,0
DA:450,0
DA:452,0
DA:453,0
DA:458,0
DA:470,0
DA:472,0
DA:473,0
DA:474,0
DA:479,0
DA:480,0
DA:481,0
DA:482,0
DA:484,0
DA:494,0
DA:496,0
DA:498,0
DA:499,0
DA:504,0
DA:516,0
DA:518,0
DA:519,0
DA:520,0
DA:525,0
DA:526,0
DA:530,0
DA:531,0
DA:533,0
DA:534,0
DA:537,0
DA:540,0
DA:543,0
DA:545,0
DA:546,0
DA:551,0
DA:563,0
DA:565,0
DA:566,0
DA:568,0
DA:570,0
DA:572,0
DA:573,0
DA:578,0
DA:590,0
DA:592,0
DA:593,0
DA:598,0
DA:601,0
DA:603,0
DA:604,0
DA:605,0
DA:607,0
DA:612,0
DA:613,0
DA:615,0
DA:620,0
DA:623,0
DA:628,0
DA:631,0
DA:632,0
DA:634,0
DA:638,0
DA:641,0
DA:642,0
DA:643,0
DA:644,0
DA:645,0
DA:646,0
DA:650,0
DA:651,0
DA:655,0
DA:656,0
DA:660,0
DA:661,0
DA:663,0
DA:664,0
DA:665,0
DA:672,0
DA:676,0
DA:677,0
DA:678,0
DA:682,0
DA:683,0
DA:684,0
DA:685,0
DA:686,0
DA:688,0
DA:690,0
DA:694,0
DA:697,0
DA:698,0
DA:706,0
DA:707,0
DA:708,0
DA:709,0
DA:710,0
DA:712,0
DA:713,0
DA:714,0
DA:719,0
DA:720,0
DA:722,0
DA:723,0
DA:724,0
DA:725,0
DA:726,0
DA:727,0
DA:728,0
DA:731,0
DA:734,0
DA:739,0
DA:740,0
DA:741,0
DA:742,0
DA:743,0
DA:744,0
DA:746,0
DA:752,0
DA:759,0
DA:760,0
DA:761,0
DA:762,0
DA:764,0
DA:765,0
DA:774,0
DA:775,0
DA:779,0
DA:781,0
DA:782,0
DA:783,0
DA:784,0
DA:785,0
DA:793,0
DA:795,0
DA:796,0
DA:797,0
DA:798,0
DA:799,0
DA:801,0
DA:806,0
DA:807,0
DA:808,0
DA:809,0
DA:811,0
DA:815,0
DA:816,0
DA:817,0
DA:818,0
DA:819,0
DA:832,0
DA:833,0
DA:838,0
DA:843,0
DA:844,0
DA:846,0
DA:848,0
DA:852,0
DA:853,0
DA:856,0
DA:859,0
LF:363
LH:0
BRDA:39,0,0,0
BRDA:39,0,1,0
BRDA:40,1,0,0
BRDA:40,1,1,0
BRDA:60,2,0,0
BRDA:60,2,1,0
BRDA:63,3,0,0
BRDA:63,3,1,0
BRDA:70,4,0,0
BRDA:70,4,1,0
BRDA:73,5,0,0
BRDA:73,5,1,0
BRDA:80,6,0,0
BRDA:80,6,1,0
BRDA:88,7,0,0
BRDA:88,7,1,0
BRDA:105,8,0,0
BRDA:106,9,0,0
BRDA:110,10,0,0
BRDA:110,10,1,0
BRDA:121,11,0,0
BRDA:121,11,1,0
BRDA:137,12,0,0
BRDA:137,12,1,0
BRDA:156,13,0,0
BRDA:156,13,1,0
BRDA:156,14,0,0
BRDA:156,14,1,0
BRDA:158,15,0,0
BRDA:158,15,1,0
BRDA:167,16,0,0
BRDA:167,16,1,0
BRDA:167,17,0,0
BRDA:167,17,1,0
BRDA:172,18,0,0
BRDA:172,18,1,0
BRDA:193,19,0,0
BRDA:193,19,1,0
BRDA:195,20,0,0
BRDA:195,20,1,0
BRDA:208,21,0,0
BRDA:208,21,1,0
BRDA:222,22,0,0
BRDA:222,22,1,0
BRDA:222,23,0,0
BRDA:222,23,1,0
BRDA:239,24,0,0
BRDA:239,24,1,0
BRDA:242,25,0,0
BRDA:242,25,1,0
BRDA:242,26,0,0
BRDA:242,26,1,0
BRDA:248,27,0,0
BRDA:248,27,1,0
BRDA:250,28,0,0
BRDA:250,28,1,0
BRDA:257,29,0,0
BRDA:257,29,1,0
BRDA:258,30,0,0
BRDA:258,30,1,0
BRDA:264,31,0,0
BRDA:264,31,1,0
BRDA:264,32,0,0
BRDA:264,32,1,0
BRDA:265,33,0,0
BRDA:265,33,1,0
BRDA:266,34,0,0
BRDA:266,34,1,0
BRDA:267,35,0,0
BRDA:267,35,1,0
BRDA:269,36,0,0
BRDA:269,36,1,0
BRDA:292,37,0,0
BRDA:292,37,1,0
BRDA:293,38,0,0
BRDA:293,38,1,0
BRDA:296,39,0,0
BRDA:296,39,1,0
BRDA:319,40,0,0
BRDA:319,40,1,0
BRDA:320,41,0,0
BRDA:320,41,1,0
BRDA:325,42,0,0
BRDA:325,42,1,0
BRDA:332,43,0,0
BRDA:332,43,1,0
BRDA:336,44,0,0
BRDA:336,44,1,0
BRDA:337,45,0,0
BRDA:337,45,1,0
BRDA:354,46,0,0
BRDA:354,46,1,0
BRDA:359,47,0,0
BRDA:359,47,1,0
BRDA:361,48,0,0
BRDA:361,48,1,0
BRDA:391,49,0,0
BRDA:391,49,1,0
BRDA:405,50,0,0
BRDA:405,50,1,0
BRDA:407,51,0,0
BRDA:407,51,1,0
BRDA:416,52,0,0
BRDA:416,52,1,0
BRDA:431,53,0,0
BRDA:431,53,1,0
BRDA:444,54,0,0
BRDA:444,54,1,0
BRDA:448,55,0,0
BRDA:448,55,1,0
BRDA:452,56,0,0
BRDA:452,56,1,0
BRDA:479,57,0,0
BRDA:479,57,1,0
BRDA:494,58,0,0
BRDA:494,58,1,0
BRDA:496,59,0,0
BRDA:496,59,1,0
BRDA:498,60,0,0
BRDA:498,60,1,0
BRDA:533,61,0,0
BRDA:533,61,1,0
BRDA:545,62,0,0
BRDA:545,62,1,0
BRDA:572,63,0,0
BRDA:572,63,1,0
BRDA:601,64,0,0
BRDA:601,64,1,0
BRDA:605,65,0,0
BRDA:605,65,1,0
BRDA:613,66,0,0
BRDA:613,66,1,0
BRDA:638,67,0,0
BRDA:638,67,1,0
BRDA:641,68,0,0
BRDA:641,68,1,0
BRDA:650,69,0,0
BRDA:650,69,1,0
BRDA:661,70,0,0
BRDA:661,70,1,0
BRDA:670,71,0,0
BRDA:670,71,1,0
BRDA:678,72,0,0
BRDA:678,72,1,0
BRDA:680,73,0,0
BRDA:680,73,1,0
BRDA:682,74,0,0
BRDA:682,74,1,0
BRDA:683,75,0,0
BRDA:683,75,1,0
BRDA:683,75,2,0
BRDA:684,76,0,0
BRDA:684,76,1,0
BRDA:684,76,2,0
BRDA:684,76,3,0
BRDA:705,77,0,0
BRDA:709,78,0,0
BRDA:709,78,1,0
BRDA:712,79,0,0
BRDA:712,79,1,0
BRDA:712,80,0,0
BRDA:712,80,1,0
BRDA:713,81,0,0
BRDA:713,81,1,0
BRDA:719,82,0,0
BRDA:719,82,1,0
BRDA:719,83,0,0
BRDA:719,83,1,0
BRDA:722,84,0,0
BRDA:722,84,1,0
BRDA:724,85,0,0
BRDA:724,85,1,0
BRDA:724,86,0,0
BRDA:724,86,1,0
BRDA:724,86,2,0
BRDA:727,87,0,0
BRDA:727,87,1,0
BRDA:727,88,0,0
BRDA:727,88,1,0
BRDA:740,89,0,0
BRDA:740,89,1,0
BRDA:742,90,0,0
BRDA:742,90,1,0
BRDA:742,91,0,0
BRDA:742,91,1,0
BRDA:781,92,0,0
BRDA:781,92,1,0
BRDA:782,93,0,0
BRDA:782,93,1,0
BRDA:782,94,0,0
BRDA:782,94,1,0
BRDA:785,95,0,0
BRDA:785,95,1,0
BRDA:795,96,0,0
BRDA:795,96,1,0
BRDA:815,97,0,0
BRDA:815,97,1,0
BRDA:821,98,0,0
BRDA:821,98,1,0
BRDA:822,99,0,0
BRDA:822,99,1,0
BRDA:823,100,0,0
BRDA:823,100,1,0
BRDA:825,101,0,0
BRDA:825,101,1,0
BRDA:826,102,0,0
BRDA:826,102,1,0
BRDA:827,103,0,0
BRDA:827,103,1,0
BRDA:828,104,0,0
BRDA:828,104,1,0
BRDA:829,105,0,0
BRDA:829,105,1,0
BRDA:832,106,0,0
BRDA:832,106,1,0
BRDA:834,107,0,0
BRDA:834,107,1,0
BRF:217
BRH:0
end_of_record
TN:
SF:core/intent-router.js
FN:12,detectIntent
FNF:1
FNH:0
FNDA:0,detectIntent
DA:4,0
DA:5,0
DA:13,0
DA:14,0
DA:15,0
DA:23,0
DA:24,0
DA:26,0
DA:27,0
DA:31,0
LF:10
LH:0
BRDA:23,0,0,0
BRDA:23,0,1,0
BRDA:24,1,0,0
BRDA:24,1,1,0
BRF:4
BRH:0
end_of_record
TN:
SF:core/intervention-planner.js
FN:81,findBestChannel
FN:90,(anonymous_1)
FN:94,(anonymous_2)
FN:110,(anonymous_3)
FN:122,(anonymous_4)
FN:128,(anonymous_5)
FN:139,formatInterventionMessage
FN:220,triggerIntervention
FN:381,buildContextPrompt
FN:384,(anonymous_9)
FN:408,logIntervention
FN:436,getInterventionHistory
FN:457,clearCooldown
FN:463,sendModeratorDMs
FN:468,(anonymous_14)
FNF:15
FNH:15
FNDA:12,findBestChannel
FNDA:11,(anonymous_1)
FNDA:14,(anonymous_2)
FNDA:2,(anonymous_3)
FNDA:14,(anonymous_4)
FNDA:1,(anonymous_5)
FNDA:11,formatInterventionMessage
FNDA:42,triggerIntervention
FNDA:40,buildContextPrompt
FNDA:1,(anonymous_9)
FNDA:39,logIntervention
FNDA:4,getInterventionHistory
FNDA:52,clearCooldown
FNDA:3,sendModeratorDMs
FNDA:1,(anonymous_14)
DA:28,1
DA:29,1
DA:30,1
DA:31,1
DA:32,1
DA:33,1
DA:40,1
DA:47,1
DA:58,1
DA:62,1
DA:66,1
DA:84,12
DA:87,12
DA:90,12
DA:93,12
DA:94,14
DA:99,12
DA:100,8
DA:101,8
DA:102,7
DA:103,7
DA:108,5
DA:109,1
DA:110,2
DA:112,1
DA:113,1
DA:114,1
DA:120,4
DA:121,15
DA:122,14
DA:124,15
DA:128,2
DA:142,11
DA:149,1
DA:223,42
DA:224,42
DA:226,42
DA:227,44
DA:228,44
DA:231,44
DA:232,15
DA:233,15
DA:238,42
DA:241,42
DA:243,42
DA:244,4
DA:249,4
DA:250,2
DA:251,2
DA:257,40
DA:259,40
DA:262,40
DA:264,40
DA:266,40
DA:267,40
DA:278,39
DA:280,39
DA:281,1
DA:282,1
DA:284,38
DA:287,1
DA:288,1
DA:291,39
DA:294,39
DA:296,14
DA:297,14
DA:299,14
DA:300,1
DA:301,1
DA:303,13
DA:304,13
DA:306,13
DA:307,1
DA:308,1
DA:311,12
DA:313,12
DA:315,11
DA:316,11
DA:318,9
DA:319,9
DA:320,9
DA:322,1
DA:323,1
DA:328,2
DA:329,2
DA:331,25
DA:333,4
DA:334,4
DA:335,4
DA:336,3
DA:337,3
DA:338,3
DA:339,3
DA:340,3
DA:341,3
DA:345,0
DA:346,0
DA:349,21
DA:351,21
DA:352,1
DA:357,39
DA:361,39
DA:363,39
DA:368,1
DA:369,1
DA:383,40
DA:384,1
DA:387,40
DA:409,39
DA:410,39
DA:422,38
DA:424,1
DA:437,4
DA:438,4
DA:445,3
DA:447,1
DA:448,1
DA:458,52
DA:459,52
DA:464,3
DA:466,3
DA:468,2
DA:469,1
DA:477,2
DA:479,2
DA:480,2
DA:481,3
DA:482,3
DA:483,2
DA:485,1
DA:489,2
DA:491,1
DA:499,1
LF:133
LH:131
BRDA:81,0,0,0
BRDA:99,1,0,8
BRDA:99,1,1,4
BRDA:101,2,0,7
BRDA:101,2,1,1
BRDA:101,3,0,8
BRDA:101,3,1,7
BRDA:108,4,0,1
BRDA:108,4,1,4
BRDA:110,5,0,2
BRDA:110,5,1,1
BRDA:112,6,0,1
BRDA:112,6,1,0
BRDA:122,7,0,14
BRDA:122,7,1,2
BRDA:124,8,0,2
BRDA:124,8,1,13
BRDA:128,9,0,2
BRDA:128,9,1,1
BRDA:227,10,0,44
BRDA:227,10,1,0
BRDA:231,11,0,15
BRDA:231,11,1,29
BRDA:243,12,0,4
BRDA:243,12,1,38
BRDA:249,13,0,2
BRDA:249,13,1,2
BRDA:280,14,0,1
BRDA:280,14,1,38
BRDA:294,15,0,14
BRDA:294,15,1,25
BRDA:294,16,0,39
BRDA:294,16,1,15
BRDA:299,17,0,1
BRDA:299,17,1,13
BRDA:306,18,0,1
BRDA:306,18,1,12
BRDA:313,19,0,11
BRDA:313,19,1,1
BRDA:331,20,0,4
BRDA:331,20,1,21
BRDA:331,21,0,25
BRDA:331,21,1,5
BRDA:335,22,0,3
BRDA:335,22,1,1
BRDA:338,23,0,3
BRDA:338,23,1,0
BRDA:351,24,0,1
BRDA:351,24,1,20
BRDA:351,25,0,21
BRDA:351,25,1,1
BRDA:383,26,0,1
BRDA:383,26,1,39
BRDA:383,27,0,40
BRDA:383,27,1,3
BRDA:384,28,0,0
BRDA:384,28,1,1
BRDA:389,29,0,40
BRDA:389,29,1,1
BRDA:389,30,0,40
BRDA:389,30,1,7
BRDA:390,31,0,40
BRDA:390,31,1,40
BRDA:391,32,0,40
BRDA:391,32,1,39
BRDA:392,33,0,40
BRDA:392,33,1,39
BRDA:436,34,0,3
BRDA:469,35,0,1
BRDA:469,35,1,1
BRDA:469,35,2,0
BRDA:469,35,3,0
BRDA:469,35,4,0
BRF:73
BRH:65
end_of_record
TN:
SF:core/observer.js
FN:13,observe
FN:69,observeEdit
FN:113,observeDelete
FNF:3
FNH:0
FNDA:0,observe
FNDA:0,observeEdit
FNDA:0,observeDelete
DA:5,0
DA:6,0
DA:7,0
DA:16,0
DA:19,0
DA:22,0
DA:23,0
DA:24,0
DA:28,0
DA:30,0
DA:33,0
DA:41,0
DA:50,0
DA:54,0
DA:59,0
DA:71,0
DA:74,0
DA:77,0
DA:80,0
DA:82,0
DA:84,0
DA:85,0
DA:91,0
DA:101,0
DA:104,0
DA:115,0
DA:118,0
DA:120,0
DA:122,0
DA:123,0
DA:129,0
DA:138,0
DA:141,0
DA:145,0
LF:34
LH:0
BRDA:16,0,0,0
BRDA:16,0,1,0
BRDA:19,1,0,0
BRDA:19,1,1,0
BRDA:22,2,0,0
BRDA:22,2,1,0
BRDA:22,3,0,0
BRDA:22,3,1,0
BRDA:71,4,0,0
BRDA:71,4,1,0
BRDA:74,5,0,0
BRDA:74,5,1,0
BRDA:77,6,0,0
BRDA:77,6,1,0
BRDA:80,7,0,0
BRDA:80,7,1,0
BRDA:80,8,0,0
BRDA:80,8,1,0
BRDA:93,9,0,0
BRDA:93,9,1,0
BRDA:94,10,0,0
BRDA:94,10,1,0
BRDA:98,11,0,0
BRDA:98,11,1,0
BRDA:101,12,0,0
BRDA:101,12,1,0
BRDA:115,13,0,0
BRDA:115,13,1,0
BRDA:118,14,0,0
BRDA:118,14,1,0
BRDA:130,15,0,0
BRDA:130,15,1,0
BRDA:131,16,0,0
BRDA:131,16,1,0
BRDA:132,17,0,0
BRDA:132,17,1,0
BRDA:133,18,0,0
BRDA:133,18,1,0
BRDA:134,19,0,0
BRDA:134,19,1,0
BRDA:135,20,0,0
BRDA:135,20,1,0
BRDA:138,21,0,0
BRDA:138,21,1,0
BRF:44
BRH:0
end_of_record
TN:
SF:core/scheduler.js
FN:14,startScheduler
FN:25,checkAllGuilds
FN:38,(anonymous_2)
FN:49,checkGuild
FN:121,triggerCheck
FN:125,checkSingleGuild
FNF:6
FNH:0
FNDA:0,startScheduler
FNDA:0,checkAllGuilds
FNDA:0,(anonymous_2)
FNDA:0,checkGuild
FNDA:0,triggerCheck
FNDA:0,checkSingleGuild
DA:4,0
DA:5,0
DA:8,0
DA:11,0
DA:15,0
DA:18,0
DA:21,0
DA:26,0
DA:28,0
DA:31,0
DA:32,0
DA:33,0
DA:37,0
DA:39,0
DA:44,0
DA:53,0
DA:54,0
DA:58,0
DA:60,0
DA:62,0
DA:68,0
DA:69,0
DA:72,0
DA:76,0
DA:78,0
DA:81,0
DA:82,0
DA:84,0
DA:85,0
DA:88,0
DA:89,0
DA:90,0
DA:93,0
DA:94,0
DA:95,0
DA:99,0
DA:100,0
DA:102,0
DA:104,0
DA:105,0
DA:107,0
DA:112,0
DA:115,0
DA:122,0
DA:126,0
DA:128,0
DA:129,0
DA:130,0
DA:131,0
DA:133,0
DA:136,0
DA:140,0
LF:52
LH:0
BRDA:31,0,0,0
BRDA:31,0,1,0
BRDA:53,1,0,0
BRDA:53,1,1,0
BRDA:68,2,0,0
BRDA:68,2,1,0
BRDA:69,3,0,0
BRDA:69,3,1,0
BRDA:78,4,0,0
BRDA:78,4,1,0
BRDA:88,5,0,0
BRDA:88,5,1,0
BRDA:93,6,0,0
BRDA:93,6,1,0
BRDA:93,7,0,0
BRDA:93,7,1,0
BRDA:99,8,0,0
BRDA:99,8,1,0
BRDA:126,9,0,0
BRDA:126,9,1,0
BRDA:130,10,0,0
BRDA:130,10,1,0
BRF:22
BRH:0
end_of_record
TN:
SF:core/server-state.js
FN:63,getServerState
FN:121,updateServerState
FN:195,checkTriggers
FN:223,(anonymous_3)
FN:254,getDefaultState
FN:279,applyVoiceExpiration
FN:301,trackSourceHistory
FN:321,computeDominantSignal
FN:326,(anonymous_8)
FN:327,(anonymous_9)
FN:345,safeJsonParse
FN:380,setContextMarker
FN:398,(anonymous_12)
FN:421,getActiveContextMarkers
FN:426,(anonymous_14)
FN:447,clearContextMarker
FN:451,(anonymous_16)
FNF:17
FNH:17
FNDA:41,getServerState
FNDA:22,updateServerState
FNDA:28,checkTriggers
FNDA:51,(anonymous_3)
FNDA:21,getDefaultState
FNDA:20,applyVoiceExpiration
FNDA:14,trackSourceHistory
FNDA:22,computeDominantSignal
FNDA:28,(anonymous_8)
FNDA:28,(anonymous_9)
FNDA:42,safeJsonParse
FNDA:4,setContextMarker
FNDA:1,(anonymous_12)
FNDA:3,getActiveContextMarkers
FNDA:4,(anonymous_14)
FNDA:2,clearContextMarker
FNDA:3,(anonymous_16)
DA:22,1
DA:23,1
DA:31,1
DA:34,1
DA:38,1
DA:45,1
DA:46,1
DA:50,1
DA:65,41
DA:66,41
DA:67,6
DA:68,6
DA:72,35
DA:73,35
DA:74,35
DA:80,35
DA:81,21
DA:82,21
DA:86,14
DA:87,14
DA:103,14
DA:106,14
DA:109,35
DA:122,22
DA:125,22
DA:128,22
DA:129,14
DA:133,22
DA:136,22
DA:144,22
DA:145,22
DA:146,22
DA:178,22
DA:180,22
DA:181,22
DA:184,22
DA:196,28
DA:200,28
DA:201,4
DA:202,4
DA:206,28
DA:207,2
DA:208,2
DA:213,28
DA:214,12
DA:215,12
DA:220,12
DA:221,12
DA:223,51
DA:224,10
DA:225,10
DA:231,28
DA:232,26
DA:233,6
DA:235,4
DA:236,4
DA:241,28
DA:255,21
DA:280,20
DA:281,3
DA:282,3
DA:283,1
DA:284,1
DA:291,19
DA:302,14
DA:303,5
DA:305,14
DA:306,14
DA:309,14
DA:310,1
DA:322,22
DA:324,22
DA:326,28
DA:327,28
DA:330,14
DA:331,6
DA:334,3
DA:346,42
DA:347,30
DA:348,30
DA:350,1
DA:351,1
DA:381,4
DA:382,4
DA:385,4
DA:386,4
DA:389,4
DA:398,4
DA:400,4
DA:402,1
DA:403,1
DA:406,3
DA:407,3
DA:411,4
DA:422,3
DA:423,3
DA:425,3
DA:426,3
DA:427,4
DA:428,3
DA:432,3
DA:433,2
DA:434,2
DA:437,3
DA:448,2
DA:449,2
DA:451,3
DA:453,2
DA:454,1
DA:455,1
DA:458,1
DA:465,1
LF:112
LH:112
BRDA:66,0,0,6
BRDA:66,0,1,35
BRDA:66,1,0,41
BRDA:66,1,1,6
BRDA:80,2,0,21
BRDA:80,2,1,14
BRDA:89,3,0,14
BRDA:89,3,1,10
BRDA:90,4,0,14
BRDA:90,4,1,2
BRDA:94,5,0,14
BRDA:94,5,1,11
BRDA:95,6,0,3
BRDA:95,6,1,11
BRDA:96,7,0,14
BRDA:96,7,1,2
BRDA:97,8,0,14
BRDA:97,8,1,2
BRDA:98,9,0,14
BRDA:98,9,1,2
BRDA:99,10,0,12
BRDA:99,10,1,2
BRDA:128,11,0,14
BRDA:128,11,1,8
BRDA:168,12,0,22
BRDA:168,12,1,0
BRDA:200,13,0,4
BRDA:200,13,1,24
BRDA:206,14,0,2
BRDA:206,14,1,26
BRDA:213,15,0,12
BRDA:213,15,1,16
BRDA:223,16,0,10
BRDA:223,16,1,2
BRDA:231,17,0,26
BRDA:231,17,1,2
BRDA:231,18,0,28
BRDA:231,18,1,26
BRDA:233,19,0,4
BRDA:233,19,1,2
BRDA:233,20,0,6
BRDA:233,20,1,2
BRDA:233,20,2,5
BRDA:280,21,0,3
BRDA:280,21,1,17
BRDA:282,22,0,1
BRDA:282,22,1,2
BRDA:302,23,0,5
BRDA:302,23,1,9
BRDA:309,24,0,1
BRDA:309,24,1,13
BRDA:322,25,0,22
BRDA:322,25,1,8
BRDA:324,26,0,8
BRDA:324,26,1,14
BRDA:330,27,0,8
BRDA:330,27,1,6
BRDA:331,28,0,3
BRDA:331,28,1,3
BRDA:346,29,0,12
BRDA:346,29,1,30
BRDA:382,30,0,4
BRDA:382,30,1,0
BRDA:385,31,0,4
BRDA:385,31,1,3
BRDA:391,32,0,4
BRDA:391,32,1,2
BRDA:392,33,0,4
BRDA:392,33,1,3
BRDA:400,34,0,1
BRDA:400,34,1,3
BRDA:423,35,0,3
BRDA:423,35,1,0
BRDA:427,36,0,1
BRDA:427,36,1,3
BRDA:432,37,0,2
BRDA:432,37,1,1
BRDA:449,38,0,2
BRDA:449,38,1,0
BRDA:453,39,0,1
BRDA:453,39,1,1
BRF:81
BRH:77
end_of_record
